#
# A fatal error has been detected by the Java Runtime Environment:
#
#  EXCEPTION_ACCESS_VIOLATION (0xc0000005) at pc=0x00007fff2609d34f, pid=8564, tid=8828
#
# JRE version: OpenJDK Runtime Environment Corretto-21.0.7.6.1 (21.0.7+6) (build 21.0.7+6-LTS)
# Java VM: OpenJDK 64-Bit Server VM Corretto-21.0.7.6.1 (21.0.7+6-LTS, mixed mode, sharing, tiered, compressed oops, compressed class ptrs, g1 gc, windows-amd64)
# Problematic frame:
# V  [jvm.dll+0x1dd34f]
#
# No core dump will be written. Minidumps are not enabled by default on client versions of Windows
#
# If you would like to submit a bug report, please visit:
#   https://github.com/corretto/corretto-21/issues/
#

---------------  S U M M A R Y ------------

Command Line: -Dclassworlds.conf=C:\Program Files\apache-maven-3.9.9\bin\m2.conf -Dmaven.home=C:\Program Files\apache-maven-3.9.9 -Dlibrary.jansi.path=C:\Program Files\apache-maven-3.9.9\lib\jansi-native -Dmaven.multiModuleProjectDirectory=C:\Users\Chamii\Desktop\sasip\quizz org.codehaus.plexus.classworlds.launcher.Launcher clean install

Host: Intel(R) Core(TM) i5-8250U CPU @ 1.60GHz, 8 cores, 15G,  Windows 10 , 64 bit Build 19041 (10.0.19041.1706)
Time: Mon Jun 23 01:10:40 2025 Sri Lanka Standard Time elapsed time: 34.688100 seconds (0d 0h 0m 34s)

---------------  T H R E A D  ---------------

Current thread (0x0000021877491570):  JavaThread "C2 CompilerThread0" daemon [_thread_in_native, id=8828, stack(0x000000b65c300000,0x000000b65c400000) (1024K)]


Current CompileTask:
C2:34688 12959       4       java.nio.charset.CharsetEncoder::replaceWith (89 bytes)

Stack: [0x000000b65c300000,0x000000b65c400000],  sp=0x000000b65c3fbf70,  free space=1007k
Native frames: (J=compiled Java code, j=interpreted, Vv=VM code, C=native code)
V  [jvm.dll+0x1dd34f]
V  [jvm.dll+0x6b59c3]
V  [jvm.dll+0x6b6717]
V  [jvm.dll+0x1d241b]
V  [jvm.dll+0x703f20]
V  [jvm.dll+0x7023b3]
V  [jvm.dll+0x25787e]
V  [jvm.dll+0x257bff]
V  [jvm.dll+0x2503a5]
V  [jvm.dll+0x24dbfe]
V  [jvm.dll+0x1cc454]
V  [jvm.dll+0x25d3d9]
V  [jvm.dll+0x25b98b]
V  [jvm.dll+0x3faea6]
V  [jvm.dll+0x85f998]
V  [jvm.dll+0x6d902d]
C  [ucrtbase.dll+0x21bb2]
C  [KERNEL32.DLL+0x17034]
C  [ntdll.dll+0x52651]


siginfo: EXCEPTION_ACCESS_VIOLATION (0xc0000005), writing address 0x00000000000103ac


Registers:
RAX=0x0000021877491570, RBX=0x00000000000103ac, RCX=0x00000000000103ac, RDX=0x0000000000000020
RSP=0x000000b65c3fbf70, RBP=0x000000b65c3fc4c0, RSI=0x0000000000000004, RDI=0x0000021877490bb0
R8 =0x0000000000000002, R9 =0x0000021877485190, R10=0x0000000000000000, R11=0x000000b65c3fc098
R12=0x0000000000000000, R13=0x0000000000000000, R14=0x0000000000000001, R15=0x000002184ad21c60
RIP=0x00007fff2609d34f, EFLAGS=0x0000000000010202

XMM[0]=0x0000000000000000 0x0000000000000000
XMM[1]=0x000002184dff5b38 0x000002184dff5518
XMM[2]=0x000002184dff2868 0x000002184dff3f30
XMM[3]=0x000002184dff0e30 0x000002184dff1048
XMM[4]=0x000002184dff13f0 0x000002184dff0f10
XMM[5]=0x000002184dff5a18 0x000002184dff53f8
XMM[6]=0x0000000000000000 0x0000000000000000
XMM[7]=0x0000000000000000 0x0000000000000000
XMM[8]=0x0000000000000000 0x0000000000000000
XMM[9]=0x0000000000000000 0x0000000000000000
XMM[10]=0x0000000000000000 0x0000000000000000
XMM[11]=0x0000000000000000 0x0000000000000000
XMM[12]=0x0000000000000000 0x0000000000000000
XMM[13]=0x0000000000000000 0x0000000000000000
XMM[14]=0x0000000000000000 0x0000000000000000
XMM[15]=0x0000000000000000 0x0000000000000000
  MXCSR=0x00001fa0


Register to memory mapping:

RAX=0x0000021877491570 is a thread
RBX=0x00000000000103ac is an unknown value
RCX=0x00000000000103ac is an unknown value
RDX=0x0000000000000020 is an unknown value
RSP=0x000000b65c3fbf70 is pointing into the stack for thread: 0x0000021877491570
RBP=0x000000b65c3fc4c0 is pointing into the stack for thread: 0x0000021877491570
RSI=0x0000000000000004 is an unknown value
RDI=0x0000021877490bb0 points into unknown readable memory: 0x0000000000000000 | 00 00 00 00 00 00 00 00
R8 =0x0000000000000002 is an unknown value
R9 =0x0000021877485190 points into unknown readable memory: 0x0000000000000007 | 07 00 00 00 00 00 00 00
R10=0x0 is null
R11=0x000000b65c3fc098 is pointing into the stack for thread: 0x0000021877491570
R12=0x0 is null
R13=0x0 is null
R14=0x0000000000000001 is an unknown value
R15=0x000002184ad21c60 points into unknown readable memory: 0x00007fff268b6320 | 20 63 8b 26 ff 7f 00 00

Top of Stack: (sp=0x000000b65c3fbf70)
0x000000b65c3fbf70:   000000b65c3fc4c0 0000000000000000
0x000000b65c3fbf80:   0000000000000000 0000021841bebc50
0x000000b65c3fbf90:   000000b65c3fc4c0 00007fff265759c3
0x000000b65c3fbfa0:   0000021877490bb0 000002184ad215e8
0x000000b65c3fbfb0:   0000000000000000 000000b65c3fc4c0
0x000000b65c3fbfc0:   0000000000000000 00007fff265768e0
0x000000b65c3fbfd0:   00000218435e6458 0000021841bebc50
0x000000b65c3fbfe0:   0000021877485190 00007fff261193e1
0x000000b65c3fbff0:   000000b65c3fe560 0000000000000002
0x000000b65c3fc000:   000000b65c3fc4c0 0000021877490c20
0x000000b65c3fc010:   000002187cc2b460 0000000000010388
0x000000b65c3fc020:   000002187cc2d770 000002187cc33448
0x000000b65c3fc030:   0000021877490bb0 0000000000000002
0x000000b65c3fc040:   000002187cc2d760 000002187cc2d970
0x000000b65c3fc050:   000002187cc2d770 000002184ad21c60
0x000000b65c3fc060:   0000000000000001 0000000000000000
0x000000b65c3fc070:   0000000000000000 000000b65c3fc4c0
0x000000b65c3fc080:   00000218774a3a68 000002184ad215e8
0x000000b65c3fc090:   0000000000000000 00007fff26576717
0x000000b65c3fc0a0:   000000b65c3fc4c0 000000b65c3fc4c0
0x000000b65c3fc0b0:   000002187cc33448 0000000000010388
0x000000b65c3fc0c0:   0000000000000000 00007fff2609241b
0x000000b65c3fc0d0:   000002184ad215e8 0000000000000018
0x000000b65c3fc0e0:   0000000000000000 0000000000000000
0x000000b65c3fc0f0:   0000000000000020 00007fff265c3f20
0x000000b65c3fc100:   000002184ad215e8 000000000000000a
0x000000b65c3fc110:   000000b65c3fc4c0 0000000000000000
0x000000b65c3fc120:   000000b65c3fc4c0 00007fff265c23b3
0x000000b65c3fc130:   000000b65c3fe560 000002184ad215e8
0x000000b65c3fc140:   000000b65c3fc4c0 0000021877490c20
0x000000b65c3fc150:   0000021877490bd0 000000b65c3fe560
0x000000b65c3fc160:   00000218488a6fd0 00007fff2611787e 

Instructions: (pc=0x00007fff2609d34f)
0x00007fff2609d24f:   41 b8 e2 00 00 00 48 8d 15 34 dd 77 00 b9 00 00
0x00007fff2609d25f:   00 e0 e8 5a 8f 0a 00 cc 90 03 d1 1d 00 1b d1 1d
0x00007fff2609d26f:   00 33 d1 1d 00 4b d1 1d 00 63 d1 1d 00 7b d1 1d
0x00007fff2609d27f:   00 b8 d1 1d 00 d0 d1 1d 00 e8 d1 1d 00 00 d2 1d
0x00007fff2609d28f:   00 18 d2 1d 00 30 d2 1d 00 cc cc cc cc cc cc cc
0x00007fff2609d29f:   cc 40 53 48 83 ec 20 4d 8b c8 48 8b d9 4c 8b c2
0x00007fff2609d2af:   33 d2 e8 da 64 4d 00 48 8d 05 b3 15 83 00 c7 43
0x00007fff2609d2bf:   2c 00 10 00 00 48 89 03 48 8b c3 48 83 c4 20 5b
0x00007fff2609d2cf:   c3 40 53 48 83 ec 20 4d 8b c8 48 8b d9 4c 8b c2
0x00007fff2609d2df:   33 d2 e8 aa 64 4d 00 48 8d 05 83 14 83 00 c7 43
0x00007fff2609d2ef:   2c 00 10 00 00 48 89 03 48 8b c3 48 83 c4 20 5b
0x00007fff2609d2ff:   c3 48 89 5c 24 08 48 89 74 24 10 57 48 83 ec 20
0x00007fff2609d30f:   65 48 8b 04 25 58 00 00 00 48 8b d9 44 8b 05 06
0x00007fff2609d31f:   0e b1 00 8b f2 4a 8b 3c c0 b8 70 00 00 00 80 3c
0x00007fff2609d32f:   38 00 75 05 e8 58 99 77 00 b8 20 00 00 00 48 8b
0x00007fff2609d33f:   d6 48 c1 e2 03 48 8b 04 38 4c 8b 88 18 03 00 00
0x00007fff2609d34f:   4c 89 0b 89 73 08 49 8b 49 18 49 8b 41 20 48 2b
0x00007fff2609d35f:   c1 48 3b c2 72 0a 48 8d 04 11 49 89 41 18 eb 0e
0x00007fff2609d36f:   45 33 c0 49 8b c9 e8 26 97 ee ff 48 8b c8 44 8b
0x00007fff2609d37f:   43 08 33 d2 49 c1 e0 03 48 89 4b 10 e8 02 ac 77
0x00007fff2609d38f:   00 48 8b 74 24 38 48 8b c3 c7 43 18 00 00 00 00
0x00007fff2609d39f:   48 8b 5c 24 30 48 83 c4 20 5f c3 cc cc cc cc cc
0x00007fff2609d3af:   cc 48 89 5c 24 08 57 48 83 ec 20 48 8b da 48 8b
0x00007fff2609d3bf:   f9 45 84 c0 74 4b 48 8b 41 08 4c 8b 00 41 8b 40
0x00007fff2609d3cf:   2c 24 3f 3c 20 74 3a 33 d2 e8 b3 7b 4c 00 48 85
0x00007fff2609d3df:   c0 74 18 4c 8b 47 08 33 c9 38 4b 18 48 8b d0 48
0x00007fff2609d3ef:   0f 45 cb 4d 8b 00 e8 16 63 ef ff 48 8b 43 10 48
0x00007fff2609d3ff:   8b 80 e8 02 00 00 48 8b 5c 24 30 48 83 c4 20 5f
0x00007fff2609d40f:   c3 48 8b 5c 24 30 33 c0 48 83 c4 20 5f c3 cc cc
0x00007fff2609d41f:   cc 44 88 44 24 18 48 89 54 24 10 48 89 4c 24 08
0x00007fff2609d42f:   53 55 56 57 41 54 41 55 41 56 41 57 48 83 ec 78
0x00007fff2609d43f:   48 8b 41 08 4c 8b e2 48 8b 35 7b 49 b0 00 48 8b 


Stack slot to memory mapping:

stack at sp + 0 slots: 0x000000b65c3fc4c0 is pointing into the stack for thread: 0x0000021877491570
stack at sp + 1 slots: 0x0 is null
stack at sp + 2 slots: 0x0 is null
stack at sp + 3 slots: 0x0000021841bebc50 points into unknown readable memory: 0x0000021877490bb0 | b0 0b 49 77 18 02 00 00
stack at sp + 4 slots: 0x000000b65c3fc4c0 is pointing into the stack for thread: 0x0000021877491570
stack at sp + 5 slots: 0x00007fff265759c3 jvm.dll
stack at sp + 6 slots: 0x0000021877490bb0 points into unknown readable memory: 0x0000000000000000 | 00 00 00 00 00 00 00 00
stack at sp + 7 slots: 0x000002184ad215e8 points into unknown readable memory: 0x00007fff268cb198 | 98 b1 8c 26 ff 7f 00 00


---------------  P R O C E S S  ---------------

Threads class SMR info:
_java_thread_list=0x0000021877802850, length=13, elements={
0x0000021855ddc000, 0x00000218774864f0, 0x0000021877487400, 0x000002187748b0d0,
0x000002187748bb20, 0x000002187748dd90, 0x000002187748e7e0, 0x0000021877491570,
0x0000021877492360, 0x000002187762b810, 0x000002187762e960, 0x000002187d80e460,
0x000002187d424970
}

Java Threads: ( => current thread )
  0x0000021855ddc000 JavaThread "main"                              [_thread_in_native, id=4232, stack(0x000000b65b500000,0x000000b65b600000) (1024K)]
  0x00000218774864f0 JavaThread "Reference Handler"          daemon [_thread_blocked, id=9420, stack(0x000000b65bd00000,0x000000b65be00000) (1024K)]
  0x0000021877487400 JavaThread "Finalizer"                  daemon [_thread_blocked, id=7460, stack(0x000000b65be00000,0x000000b65bf00000) (1024K)]
  0x000002187748b0d0 JavaThread "Signal Dispatcher"          daemon [_thread_blocked, id=11796, stack(0x000000b65bf00000,0x000000b65c000000) (1024K)]
  0x000002187748bb20 JavaThread "Attach Listener"            daemon [_thread_blocked, id=6392, stack(0x000000b65c000000,0x000000b65c100000) (1024K)]
  0x000002187748dd90 JavaThread "Service Thread"             daemon [_thread_blocked, id=12076, stack(0x000000b65c100000,0x000000b65c200000) (1024K)]
  0x000002187748e7e0 JavaThread "Monitor Deflation Thread"   daemon [_thread_blocked, id=11068, stack(0x000000b65c200000,0x000000b65c300000) (1024K)]
=>0x0000021877491570 JavaThread "C2 CompilerThread0"         daemon [_thread_in_native, id=8828, stack(0x000000b65c300000,0x000000b65c400000) (1024K)]
  0x0000021877492360 JavaThread "C1 CompilerThread0"         daemon [_thread_blocked, id=8144, stack(0x000000b65c400000,0x000000b65c500000) (1024K)]
  0x000002187762b810 JavaThread "Notification Thread"        daemon [_thread_blocked, id=13788, stack(0x000000b65c500000,0x000000b65c600000) (1024K)]
  0x000002187762e960 JavaThread "Common-Cleaner"             daemon [_thread_blocked, id=1740, stack(0x000000b65c600000,0x000000b65c700000) (1024K)]
  0x000002187d80e460 JavaThread "Thread-1"                   daemon [_thread_blocked, id=9440, stack(0x000000b65d000000,0x000000b65d100000) (1024K)]
  0x000002187d424970 JavaThread "C2 CompilerThread1"         daemon [_thread_blocked, id=11576, stack(0x000000b65c700000,0x000000b65c800000) (1024K)]
Total: 13

Other Threads:
  0x000002187746cbb0 VMThread "VM Thread"                           [id=2788, stack(0x000000b65bc00000,0x000000b65bd00000) (1024K)]
  0x000002187745b6e0 WatcherThread "VM Periodic Task Thread"        [id=6676, stack(0x000000b65bb00000,0x000000b65bc00000) (1024K)]
  0x000002185813a9d0 WorkerThread "GC Thread#0"                     [id=4296, stack(0x000000b65b600000,0x000000b65b700000) (1024K)]
  0x000002187c418790 WorkerThread "GC Thread#1"                     [id=2712, stack(0x000000b65c900000,0x000000b65ca00000) (1024K)]
  0x000002187c418b30 WorkerThread "GC Thread#2"                     [id=8300, stack(0x000000b65ca00000,0x000000b65cb00000) (1024K)]
  0x000002187c230b10 WorkerThread "GC Thread#3"                     [id=3628, stack(0x000000b65cb00000,0x000000b65cc00000) (1024K)]
  0x000002187c230eb0 WorkerThread "GC Thread#4"                     [id=7508, stack(0x000000b65cc00000,0x000000b65cd00000) (1024K)]
  0x000002187c231250 WorkerThread "GC Thread#5"                     [id=14148, stack(0x000000b65cd00000,0x000000b65ce00000) (1024K)]
  0x000002187cd76d20 WorkerThread "GC Thread#6"                     [id=8648, stack(0x000000b65ce00000,0x000000b65cf00000) (1024K)]
  0x000002187cd780d0 WorkerThread "GC Thread#7"                     [id=7992, stack(0x000000b65cf00000,0x000000b65d000000) (1024K)]
  0x000002185814b7b0 ConcurrentGCThread "G1 Main Marker"            [id=14104, stack(0x000000b65b700000,0x000000b65b800000) (1024K)]
  0x000002185814c460 WorkerThread "G1 Conc#0"                       [id=396, stack(0x000000b65b800000,0x000000b65b900000) (1024K)]
  0x000002187d0d5590 WorkerThread "G1 Conc#1"                       [id=13524, stack(0x000000b65d100000,0x000000b65d200000) (1024K)]
  0x0000021877330560 ConcurrentGCThread "G1 Refine#0"               [id=10044, stack(0x000000b65b900000,0x000000b65ba00000) (1024K)]
  0x0000021877330ee0 ConcurrentGCThread "G1 Service"                [id=3304, stack(0x000000b65ba00000,0x000000b65bb00000) (1024K)]
Total: 15

Threads with active compile tasks:
C2 CompilerThread0  34748 12959       4       java.nio.charset.CharsetEncoder::replaceWith (89 bytes)
Total: 1

VM state: not at safepoint (normal execution)

VM Mutex/Monitor currently owned by a thread: None

Heap address: 0x0000000702000000, size: 4064 MB, Compressed Oops mode: Zero based, Oop shift amount: 3

CDS archive(s) mapped at: [0x0000021800000000-0x0000021800c80000-0x0000021800c80000), size 13107200, SharedBaseAddress: 0x0000021800000000, ArchiveRelocationMode: 1.
Compressed class space mapped at: 0x0000021801000000-0x0000021841000000, reserved size: 1073741824
Narrow klass base: 0x0000021800000000, Narrow klass shift: 0, Narrow klass range: 0x100000000

GC Precious Log:
 CardTable entry size: 512
 Card Set container configuration: InlinePtr #cards 4 size 8 Array Of Cards #cards 16 size 48 Howl #buckets 8 coarsen threshold 3686 Howl Bitmap #cards 512 size 80 coarsen threshold 460 Card regions per heap region 1 cards per card region 4096
 CPUs: 8 total, 8 available
 Memory: 16249M
 Large Page Support: Disabled
 NUMA Support: Disabled
 Compressed Oops: Enabled (Zero based)
 Heap Region Size: 2M
 Heap Min Capacity: 8M
 Heap Initial Capacity: 254M
 Heap Max Capacity: 4064M
 Pre-touch: Disabled
 Parallel Workers: 8
 Concurrent Workers: 2
 Concurrent Refinement Workers: 8
 Periodic GC: Disabled

Heap:
 garbage-first heap   total 311296K, used 270068K [0x0000000702000000, 0x0000000800000000)
  region size 2048K, 34 young (69632K), 5 survivors (10240K)
 Metaspace       used 43253K, committed 43904K, reserved 1114112K
  class space    used 4700K, committed 4992K, reserved 1048576K

Heap Regions: E=young(eden), S=young(survivor), O=old, HS=humongous(starts), HC=humongous(continues), CS=collection set, F=free, TAMS=top-at-mark-start, PB=parsable bottom
|   0|0x0000000702000000, 0x0000000702200000, 0x0000000702200000|100%| O|  |TAMS 0x0000000702000000| PB 0x0000000702000000| Untracked 
|   1|0x0000000702200000, 0x0000000702400000, 0x0000000702400000|100%| O|  |TAMS 0x0000000702200000| PB 0x0000000702200000| Untracked 
|   2|0x0000000702400000, 0x0000000702600000, 0x0000000702600000|100%| O|Cm|TAMS 0x0000000702400000| PB 0x0000000702400000| Complete 
|   3|0x0000000702600000, 0x0000000702800000, 0x0000000702800000|100%|HS|  |TAMS 0x0000000702600000| PB 0x0000000702600000| Complete 
|   4|0x0000000702800000, 0x0000000702a00000, 0x0000000702a00000|100%| O|  |TAMS 0x0000000702800000| PB 0x0000000702800000| Untracked 
|   5|0x0000000702a00000, 0x0000000702c00000, 0x0000000702c00000|100%| O|  |TAMS 0x0000000702a00000| PB 0x0000000702a00000| Untracked 
|   6|0x0000000702c00000, 0x0000000702e00000, 0x0000000702e00000|100%| O|  |TAMS 0x0000000702c00000| PB 0x0000000702c00000| Untracked 
|   7|0x0000000702e00000, 0x0000000703000000, 0x0000000703000000|100%| O|  |TAMS 0x0000000702e00000| PB 0x0000000702e00000| Untracked 
|   8|0x0000000703000000, 0x0000000703200000, 0x0000000703200000|100%| O|  |TAMS 0x0000000703000000| PB 0x0000000703000000| Untracked 
|   9|0x0000000703200000, 0x0000000703400000, 0x0000000703400000|100%| O|  |TAMS 0x0000000703200000| PB 0x0000000703200000| Untracked 
|  10|0x0000000703400000, 0x0000000703600000, 0x0000000703600000|100%| O|  |TAMS 0x0000000703400000| PB 0x0000000703400000| Untracked 
|  11|0x0000000703600000, 0x0000000703800000, 0x0000000703800000|100%| O|Cm|TAMS 0x0000000703600000| PB 0x0000000703600000| Complete 
|  12|0x0000000703800000, 0x0000000703a00000, 0x0000000703a00000|100%| O|  |TAMS 0x0000000703800000| PB 0x0000000703800000| Untracked 
|  13|0x0000000703a00000, 0x0000000703c00000, 0x0000000703c00000|100%| O|Cm|TAMS 0x0000000703a00000| PB 0x0000000703a00000| Complete 
|  14|0x0000000703c00000, 0x0000000703e00000, 0x0000000703e00000|100%| O|Cm|TAMS 0x0000000703c00000| PB 0x0000000703c00000| Complete 
|  15|0x0000000703e00000, 0x0000000704000000, 0x0000000704000000|100%| O|  |TAMS 0x0000000703e00000| PB 0x0000000703e00000| Untracked 
|  16|0x0000000704000000, 0x0000000704200000, 0x0000000704200000|100%| O|Cm|TAMS 0x0000000704000000| PB 0x0000000704000000| Complete 
|  17|0x0000000704200000, 0x0000000704400000, 0x0000000704400000|100%| O|  |TAMS 0x0000000704200000| PB 0x0000000704200000| Untracked 
|  18|0x0000000704400000, 0x0000000704600000, 0x0000000704600000|100%| O|  |TAMS 0x0000000704400000| PB 0x0000000704400000| Untracked 
|  19|0x0000000704600000, 0x0000000704800000, 0x0000000704800000|100%| O|  |TAMS 0x0000000704600000| PB 0x0000000704600000| Untracked 
|  20|0x0000000704800000, 0x0000000704a00000, 0x0000000704a00000|100%| O|  |TAMS 0x0000000704800000| PB 0x0000000704800000| Untracked 
|  21|0x0000000704a00000, 0x0000000704c00000, 0x0000000704c00000|100%| O|  |TAMS 0x0000000704a00000| PB 0x0000000704a00000| Untracked 
|  22|0x0000000704c00000, 0x0000000704e00000, 0x0000000704e00000|100%| O|  |TAMS 0x0000000704c00000| PB 0x0000000704c00000| Untracked 
|  23|0x0000000704e00000, 0x0000000705000000, 0x0000000705000000|100%| O|  |TAMS 0x0000000704e00000| PB 0x0000000704e00000| Untracked 
|  24|0x0000000705000000, 0x0000000705200000, 0x0000000705200000|100%|HS|  |TAMS 0x0000000705000000| PB 0x0000000705000000| Complete 
|  25|0x0000000705200000, 0x0000000705400000, 0x0000000705400000|100%| O|  |TAMS 0x0000000705200000| PB 0x0000000705200000| Untracked 
|  26|0x0000000705400000, 0x0000000705600000, 0x0000000705600000|100%| O|  |TAMS 0x0000000705400000| PB 0x0000000705400000| Untracked 
|  27|0x0000000705600000, 0x0000000705800000, 0x0000000705800000|100%| O|  |TAMS 0x0000000705600000| PB 0x0000000705600000| Untracked 
|  28|0x0000000705800000, 0x0000000705a00000, 0x0000000705a00000|100%| O|  |TAMS 0x0000000705800000| PB 0x0000000705800000| Untracked 
|  29|0x0000000705a00000, 0x0000000705c00000, 0x0000000705c00000|100%| O|  |TAMS 0x0000000705a00000| PB 0x0000000705a00000| Untracked 
|  30|0x0000000705c00000, 0x0000000705e00000, 0x0000000705e00000|100%| O|  |TAMS 0x0000000705c00000| PB 0x0000000705c00000| Untracked 
|  31|0x0000000705e00000, 0x0000000706000000, 0x0000000706000000|100%| O|  |TAMS 0x0000000705e00000| PB 0x0000000705e00000| Untracked 
|  32|0x0000000706000000, 0x0000000706200000, 0x0000000706200000|100%| O|Cm|TAMS 0x0000000706000000| PB 0x0000000706000000| Complete 
|  33|0x0000000706200000, 0x0000000706400000, 0x0000000706400000|100%| O|  |TAMS 0x0000000706200000| PB 0x0000000706200000| Untracked 
|  34|0x0000000706400000, 0x0000000706600000, 0x0000000706600000|100%| O|  |TAMS 0x0000000706400000| PB 0x0000000706400000| Untracked 
|  35|0x0000000706600000, 0x0000000706800000, 0x0000000706800000|100%|HS|  |TAMS 0x0000000706600000| PB 0x0000000706600000| Complete 
|  36|0x0000000706800000, 0x0000000706a00000, 0x0000000706a00000|100%|HS|  |TAMS 0x0000000706800000| PB 0x0000000706800000| Complete 
|  37|0x0000000706a00000, 0x0000000706c00000, 0x0000000706c00000|100%|HS|  |TAMS 0x0000000706a00000| PB 0x0000000706a00000| Complete 
|  38|0x0000000706c00000, 0x0000000706e00000, 0x0000000706e00000|100%|HS|  |TAMS 0x0000000706c00000| PB 0x0000000706c00000| Complete 
|  39|0x0000000706e00000, 0x0000000707000000, 0x0000000707000000|100%|HS|  |TAMS 0x0000000706e00000| PB 0x0000000706e00000| Complete 
|  40|0x0000000707000000, 0x0000000707200000, 0x0000000707200000|100%|HS|  |TAMS 0x0000000707000000| PB 0x0000000707000000| Complete 
|  41|0x0000000707200000, 0x0000000707400000, 0x0000000707400000|100%|HS|  |TAMS 0x0000000707200000| PB 0x0000000707200000| Complete 
|  42|0x0000000707400000, 0x0000000707600000, 0x0000000707600000|100%|HS|  |TAMS 0x0000000707400000| PB 0x0000000707400000| Complete 
|  43|0x0000000707600000, 0x000000070771a220, 0x0000000707800000| 55%| O|  |TAMS 0x0000000707600000| PB 0x0000000707600000| Untracked 
|  44|0x0000000707800000, 0x0000000707a00000, 0x0000000707a00000|100%|HS|  |TAMS 0x0000000707800000| PB 0x0000000707800000| Complete 
|  45|0x0000000707a00000, 0x0000000707c00000, 0x0000000707c00000|100%|HS|  |TAMS 0x0000000707a00000| PB 0x0000000707a00000| Complete 
|  46|0x0000000707c00000, 0x0000000707e00000, 0x0000000707e00000|100%|HS|  |TAMS 0x0000000707c00000| PB 0x0000000707c00000| Complete 
|  47|0x0000000707e00000, 0x0000000708000000, 0x0000000708000000|100%|HS|  |TAMS 0x0000000707e00000| PB 0x0000000707e00000| Complete 
|  48|0x0000000708000000, 0x0000000708200000, 0x0000000708200000|100%|HS|  |TAMS 0x0000000708000000| PB 0x0000000708000000| Complete 
|  49|0x0000000708200000, 0x0000000708400000, 0x0000000708400000|100%|HC|  |TAMS 0x0000000708200000| PB 0x0000000708200000| Complete 
|  50|0x0000000708400000, 0x0000000708600000, 0x0000000708600000|100%|HS|  |TAMS 0x0000000708400000| PB 0x0000000708400000| Complete 
|  51|0x0000000708600000, 0x0000000708800000, 0x0000000708800000|100%|HC|  |TAMS 0x0000000708600000| PB 0x0000000708600000| Complete 
|  52|0x0000000708800000, 0x0000000708a00000, 0x0000000708a00000|100%|HS|  |TAMS 0x0000000708800000| PB 0x0000000708800000| Complete 
|  53|0x0000000708a00000, 0x0000000708c00000, 0x0000000708c00000|100%|HC|  |TAMS 0x0000000708a00000| PB 0x0000000708a00000| Complete 
|  54|0x0000000708c00000, 0x0000000708e00000, 0x0000000708e00000|100%|HS|  |TAMS 0x0000000708c00000| PB 0x0000000708c00000| Complete 
|  55|0x0000000708e00000, 0x0000000709000000, 0x0000000709000000|100%|HC|  |TAMS 0x0000000708e00000| PB 0x0000000708e00000| Complete 
|  56|0x0000000709000000, 0x0000000709000000, 0x0000000709200000|  0%| F|  |TAMS 0x0000000709000000| PB 0x0000000709000000| Untracked 
|  57|0x0000000709200000, 0x0000000709200000, 0x0000000709400000|  0%| F|  |TAMS 0x0000000709200000| PB 0x0000000709200000| Untracked 
|  58|0x0000000709400000, 0x0000000709400000, 0x0000000709600000|  0%| F|  |TAMS 0x0000000709400000| PB 0x0000000709400000| Untracked 
|  59|0x0000000709600000, 0x0000000709600000, 0x0000000709800000|  0%| F|  |TAMS 0x0000000709600000| PB 0x0000000709600000| Untracked 
|  60|0x0000000709800000, 0x0000000709800000, 0x0000000709a00000|  0%| F|  |TAMS 0x0000000709800000| PB 0x0000000709800000| Untracked 
|  61|0x0000000709a00000, 0x0000000709a00000, 0x0000000709c00000|  0%| F|  |TAMS 0x0000000709a00000| PB 0x0000000709a00000| Untracked 
|  62|0x0000000709c00000, 0x0000000709c00000, 0x0000000709e00000|  0%| F|  |TAMS 0x0000000709c00000| PB 0x0000000709c00000| Untracked 
|  63|0x0000000709e00000, 0x0000000709e00000, 0x000000070a000000|  0%| F|  |TAMS 0x0000000709e00000| PB 0x0000000709e00000| Untracked 
|  64|0x000000070a000000, 0x000000070a000000, 0x000000070a200000|  0%| F|  |TAMS 0x000000070a000000| PB 0x000000070a000000| Untracked 
|  65|0x000000070a200000, 0x000000070a200000, 0x000000070a400000|  0%| F|  |TAMS 0x000000070a200000| PB 0x000000070a200000| Untracked 
|  66|0x000000070a400000, 0x000000070a400000, 0x000000070a600000|  0%| F|  |TAMS 0x000000070a400000| PB 0x000000070a400000| Untracked 
|  67|0x000000070a600000, 0x000000070a600000, 0x000000070a800000|  0%| F|  |TAMS 0x000000070a600000| PB 0x000000070a600000| Untracked 
|  68|0x000000070a800000, 0x000000070a800000, 0x000000070aa00000|  0%| F|  |TAMS 0x000000070a800000| PB 0x000000070a800000| Untracked 
|  69|0x000000070aa00000, 0x000000070aa00000, 0x000000070ac00000|  0%| F|  |TAMS 0x000000070aa00000| PB 0x000000070aa00000| Untracked 
|  70|0x000000070ac00000, 0x000000070ac00000, 0x000000070ae00000|  0%| F|  |TAMS 0x000000070ac00000| PB 0x000000070ac00000| Untracked 
|  71|0x000000070ae00000, 0x000000070ae00000, 0x000000070b000000|  0%| F|  |TAMS 0x000000070ae00000| PB 0x000000070ae00000| Untracked 
|  72|0x000000070b000000, 0x000000070b000000, 0x000000070b200000|  0%| F|  |TAMS 0x000000070b000000| PB 0x000000070b000000| Untracked 
|  73|0x000000070b200000, 0x000000070b400000, 0x000000070b400000|100%| E|  |TAMS 0x000000070b200000| PB 0x000000070b200000| Complete 
|  74|0x000000070b400000, 0x000000070b600000, 0x000000070b600000|100%| E|CS|TAMS 0x000000070b400000| PB 0x000000070b400000| Complete 
|  75|0x000000070b600000, 0x000000070b800000, 0x000000070b800000|100%| E|CS|TAMS 0x000000070b600000| PB 0x000000070b600000| Complete 
|  76|0x000000070b800000, 0x000000070ba00000, 0x000000070ba00000|100%| E|CS|TAMS 0x000000070b800000| PB 0x000000070b800000| Complete 
|  77|0x000000070ba00000, 0x000000070bc00000, 0x000000070bc00000|100%| E|CS|TAMS 0x000000070ba00000| PB 0x000000070ba00000| Complete 
|  78|0x000000070bc00000, 0x000000070be00000, 0x000000070be00000|100%| E|CS|TAMS 0x000000070bc00000| PB 0x000000070bc00000| Complete 
|  79|0x000000070be00000, 0x000000070c000000, 0x000000070c000000|100%| E|CS|TAMS 0x000000070be00000| PB 0x000000070be00000| Complete 
|  80|0x000000070c000000, 0x000000070c200000, 0x000000070c200000|100%| E|CS|TAMS 0x000000070c000000| PB 0x000000070c000000| Complete 
|  81|0x000000070c200000, 0x000000070c400000, 0x000000070c400000|100%| E|CS|TAMS 0x000000070c200000| PB 0x000000070c200000| Complete 
|  82|0x000000070c400000, 0x000000070c600000, 0x000000070c600000|100%| E|CS|TAMS 0x000000070c400000| PB 0x000000070c400000| Complete 
|  83|0x000000070c600000, 0x000000070c800000, 0x000000070c800000|100%| E|CS|TAMS 0x000000070c600000| PB 0x000000070c600000| Complete 
|  84|0x000000070c800000, 0x000000070ca00000, 0x000000070ca00000|100%| E|CS|TAMS 0x000000070c800000| PB 0x000000070c800000| Complete 
|  85|0x000000070ca00000, 0x000000070cc00000, 0x000000070cc00000|100%| E|CS|TAMS 0x000000070ca00000| PB 0x000000070ca00000| Complete 
|  86|0x000000070cc00000, 0x000000070ce00000, 0x000000070ce00000|100%| E|CS|TAMS 0x000000070cc00000| PB 0x000000070cc00000| Complete 
|  87|0x000000070ce00000, 0x000000070d000000, 0x000000070d000000|100%| E|  |TAMS 0x000000070ce00000| PB 0x000000070ce00000| Complete 
|  88|0x000000070d000000, 0x000000070d200000, 0x000000070d200000|100%| E|CS|TAMS 0x000000070d000000| PB 0x000000070d000000| Complete 
|  89|0x000000070d200000, 0x000000070d400000, 0x000000070d400000|100%| E|CS|TAMS 0x000000070d200000| PB 0x000000070d200000| Complete 
|  90|0x000000070d400000, 0x000000070d600000, 0x000000070d600000|100%| E|CS|TAMS 0x000000070d400000| PB 0x000000070d400000| Complete 
|  91|0x000000070d600000, 0x000000070d800000, 0x000000070d800000|100%| E|CS|TAMS 0x000000070d600000| PB 0x000000070d600000| Complete 
|  92|0x000000070d800000, 0x000000070da00000, 0x000000070da00000|100%| E|CS|TAMS 0x000000070d800000| PB 0x000000070d800000| Complete 
|  93|0x000000070da00000, 0x000000070dc00000, 0x000000070dc00000|100%| E|CS|TAMS 0x000000070da00000| PB 0x000000070da00000| Complete 
|  94|0x000000070dc00000, 0x000000070de00000, 0x000000070de00000|100%| E|CS|TAMS 0x000000070dc00000| PB 0x000000070dc00000| Complete 
|  95|0x000000070de00000, 0x000000070e000000, 0x000000070e000000|100%| E|CS|TAMS 0x000000070de00000| PB 0x000000070de00000| Complete 
|  96|0x000000070e000000, 0x000000070e200000, 0x000000070e200000|100%| E|CS|TAMS 0x000000070e000000| PB 0x000000070e000000| Complete 
|  97|0x000000070e200000, 0x000000070e400000, 0x000000070e400000|100%| E|CS|TAMS 0x000000070e200000| PB 0x000000070e200000| Complete 
|  98|0x000000070e400000, 0x000000070e600000, 0x000000070e600000|100%|HS|  |TAMS 0x000000070e400000| PB 0x000000070e400000| Complete 
|  99|0x000000070e600000, 0x000000070e800000, 0x000000070e800000|100%|HC|  |TAMS 0x000000070e600000| PB 0x000000070e600000| Complete 
| 100|0x000000070e800000, 0x000000070ea00000, 0x000000070ea00000|100%|HS|  |TAMS 0x000000070e800000| PB 0x000000070e800000| Complete 
| 101|0x000000070ea00000, 0x000000070ec00000, 0x000000070ec00000|100%|HC|  |TAMS 0x000000070ea00000| PB 0x000000070ea00000| Complete 
| 102|0x000000070ec00000, 0x000000070ee00000, 0x000000070ee00000|100%|HS|  |TAMS 0x000000070ec00000| PB 0x000000070ec00000| Complete 
| 103|0x000000070ee00000, 0x000000070f000000, 0x000000070f000000|100%|HC|  |TAMS 0x000000070ee00000| PB 0x000000070ee00000| Complete 
| 104|0x000000070f000000, 0x000000070f200000, 0x000000070f200000|100%|HS|  |TAMS 0x000000070f000000| PB 0x000000070f000000| Complete 
| 105|0x000000070f200000, 0x000000070f400000, 0x000000070f400000|100%|HC|  |TAMS 0x000000070f200000| PB 0x000000070f200000| Complete 
| 106|0x000000070f400000, 0x000000070f600000, 0x000000070f600000|100%|HS|  |TAMS 0x000000070f400000| PB 0x000000070f400000| Complete 
| 107|0x000000070f600000, 0x000000070f800000, 0x000000070f800000|100%|HC|  |TAMS 0x000000070f600000| PB 0x000000070f600000| Complete 
| 108|0x000000070f800000, 0x000000070fa00000, 0x000000070fa00000|100%|HC|  |TAMS 0x000000070f800000| PB 0x000000070f800000| Complete 
| 109|0x000000070fa00000, 0x000000070fc00000, 0x000000070fc00000|100%|HS|  |TAMS 0x000000070fa00000| PB 0x000000070fa00000| Complete 
| 110|0x000000070fc00000, 0x000000070fe00000, 0x000000070fe00000|100%|HC|  |TAMS 0x000000070fc00000| PB 0x000000070fc00000| Complete 
| 111|0x000000070fe00000, 0x0000000710000000, 0x0000000710000000|100%|HC|  |TAMS 0x000000070fe00000| PB 0x000000070fe00000| Complete 
| 112|0x0000000710000000, 0x0000000710200000, 0x0000000710200000|100%|HS|  |TAMS 0x0000000710000000| PB 0x0000000710000000| Complete 
| 113|0x0000000710200000, 0x0000000710400000, 0x0000000710400000|100%|HC|  |TAMS 0x0000000710200000| PB 0x0000000710200000| Complete 
| 114|0x0000000710400000, 0x0000000710600000, 0x0000000710600000|100%|HC|  |TAMS 0x0000000710400000| PB 0x0000000710400000| Complete 
| 115|0x0000000710600000, 0x0000000710800000, 0x0000000710800000|100%| E|CS|TAMS 0x0000000710600000| PB 0x0000000710600000| Complete 
| 116|0x0000000710800000, 0x0000000710a00000, 0x0000000710a00000|100%| E|CS|TAMS 0x0000000710800000| PB 0x0000000710800000| Complete 
| 117|0x0000000710a00000, 0x0000000710c00000, 0x0000000710c00000|100%| E|CS|TAMS 0x0000000710a00000| PB 0x0000000710a00000| Complete 
| 118|0x0000000710c00000, 0x0000000710e00000, 0x0000000710e00000|100%|HS|  |TAMS 0x0000000710c00000| PB 0x0000000710c00000| Complete 
| 119|0x0000000710e00000, 0x0000000711000000, 0x0000000711000000|100%|HC|  |TAMS 0x0000000710e00000| PB 0x0000000710e00000| Complete 
| 120|0x0000000711000000, 0x0000000711200000, 0x0000000711200000|100%|HC|  |TAMS 0x0000000711000000| PB 0x0000000711000000| Complete 
| 121|0x0000000711200000, 0x0000000711400000, 0x0000000711400000|100%|HS|  |TAMS 0x0000000711200000| PB 0x0000000711200000| Complete 
| 122|0x0000000711400000, 0x0000000711600000, 0x0000000711600000|100%|HC|  |TAMS 0x0000000711400000| PB 0x0000000711400000| Complete 
| 123|0x0000000711600000, 0x0000000711800000, 0x0000000711800000|100%|HC|  |TAMS 0x0000000711600000| PB 0x0000000711600000| Complete 
| 124|0x0000000711800000, 0x0000000711a00000, 0x0000000711a00000|100%| S|CS|TAMS 0x0000000711800000| PB 0x0000000711800000| Complete 
| 125|0x0000000711a00000, 0x0000000711c00000, 0x0000000711c00000|100%| S|CS|TAMS 0x0000000711a00000| PB 0x0000000711a00000| Complete 
| 126|0x0000000711c00000, 0x0000000711e00000, 0x0000000711e00000|100%| E|CS|TAMS 0x0000000711c00000| PB 0x0000000711c00000| Complete 
| 127|0x0000000711e00000, 0x0000000712000000, 0x0000000712000000|100%|HS|  |TAMS 0x0000000711e00000| PB 0x0000000711e00000| Complete 
| 128|0x0000000712000000, 0x0000000712200000, 0x0000000712200000|100%|HC|  |TAMS 0x0000000712000000| PB 0x0000000712000000| Complete 
| 129|0x0000000712200000, 0x0000000712400000, 0x0000000712400000|100%|HC|  |TAMS 0x0000000712200000| PB 0x0000000712200000| Complete 
| 130|0x0000000712400000, 0x0000000712600000, 0x0000000712600000|100%|HS|  |TAMS 0x0000000712400000| PB 0x0000000712400000| Complete 
| 131|0x0000000712600000, 0x0000000712800000, 0x0000000712800000|100%|HC|  |TAMS 0x0000000712600000| PB 0x0000000712600000| Complete 
| 132|0x0000000712800000, 0x0000000712a00000, 0x0000000712a00000|100%|HC|  |TAMS 0x0000000712800000| PB 0x0000000712800000| Complete 
| 133|0x0000000712a00000, 0x0000000712c00000, 0x0000000712c00000|100%|HS|  |TAMS 0x0000000712a00000| PB 0x0000000712a00000| Complete 
| 134|0x0000000712c00000, 0x0000000712e00000, 0x0000000712e00000|100%|HC|  |TAMS 0x0000000712c00000| PB 0x0000000712c00000| Complete 
| 135|0x0000000712e00000, 0x0000000713000000, 0x0000000713000000|100%|HC|  |TAMS 0x0000000712e00000| PB 0x0000000712e00000| Complete 
| 136|0x0000000713000000, 0x0000000713200000, 0x0000000713200000|100%|HS|  |TAMS 0x0000000713000000| PB 0x0000000713000000| Complete 
| 137|0x0000000713200000, 0x0000000713400000, 0x0000000713400000|100%|HC|  |TAMS 0x0000000713200000| PB 0x0000000713200000| Complete 
| 138|0x0000000713400000, 0x0000000713600000, 0x0000000713600000|100%|HC|  |TAMS 0x0000000713400000| PB 0x0000000713400000| Complete 
| 139|0x0000000713600000, 0x0000000713800000, 0x0000000713800000|100%|HC|  |TAMS 0x0000000713600000| PB 0x0000000713600000| Complete 
| 140|0x0000000713800000, 0x0000000713a00000, 0x0000000713a00000|100%|HC|  |TAMS 0x0000000713800000| PB 0x0000000713800000| Complete 
| 141|0x0000000713a00000, 0x0000000713c00000, 0x0000000713c00000|100%|HS|  |TAMS 0x0000000713a00000| PB 0x0000000713a00000| Complete 
| 142|0x0000000713c00000, 0x0000000713e00000, 0x0000000713e00000|100%|HC|  |TAMS 0x0000000713c00000| PB 0x0000000713c00000| Complete 
| 143|0x0000000713e00000, 0x0000000714000000, 0x0000000714000000|100%|HC|  |TAMS 0x0000000713e00000| PB 0x0000000713e00000| Complete 
| 144|0x0000000714000000, 0x0000000714200000, 0x0000000714200000|100%|HC|  |TAMS 0x0000000714000000| PB 0x0000000714000000| Complete 
| 145|0x0000000714200000, 0x0000000714400000, 0x0000000714400000|100%|HC|  |TAMS 0x0000000714200000| PB 0x0000000714200000| Complete 
| 146|0x0000000714400000, 0x0000000714600000, 0x0000000714600000|100%| S|CS|TAMS 0x0000000714400000| PB 0x0000000714400000| Complete 
| 147|0x0000000714600000, 0x0000000714800000, 0x0000000714800000|100%| S|CS|TAMS 0x0000000714600000| PB 0x0000000714600000| Complete 
| 148|0x0000000714800000, 0x00000007148a2e98, 0x0000000714a00000| 31%| S|CS|TAMS 0x0000000714800000| PB 0x0000000714800000| Complete 
|2029|0x00000007ffa00000, 0x00000007ffc00000, 0x00000007ffc00000|100%| O|Cm|TAMS 0x00000007ffa00000| PB 0x00000007ffa00000| Complete 
|2030|0x00000007ffc00000, 0x00000007ffe00000, 0x00000007ffe00000|100%| O|Cm|TAMS 0x00000007ffc00000| PB 0x00000007ffc00000| Complete 
|2031|0x00000007ffe00000, 0x0000000800000000, 0x0000000800000000|100%| O|Cm|TAMS 0x00000007ffe00000| PB 0x00000007ffe00000| Complete 

Card table byte_map: [0x0000021870300000,0x0000021870af0000] _byte_map_base: 0x000002186caf0000

Marking Bits: (CMBitMap*) 0x000002185813b0d0
 Bits: [0x0000021870af0000, 0x0000021874a70000)

Polling page: 0x0000021855fb0000

Metaspace:

Usage:
  Non-class:     37.65 MB used.
      Class:      4.59 MB used.
       Both:     42.24 MB used.

Virtual space:
  Non-class space:       64.00 MB reserved,      38.00 MB ( 59%) committed,  1 nodes.
      Class space:        1.00 GB reserved,       4.88 MB ( <1%) committed,  1 nodes.
             Both:        1.06 GB reserved,      42.88 MB (  4%) committed. 

Chunk freelists:
   Non-Class:  9.16 MB
       Class:  10.95 MB
        Both:  20.11 MB

MaxMetaspaceSize: unlimited
CompressedClassSpaceSize: 1.00 GB
Initial GC threshold: 21.00 MB
Current GC threshold: 60.94 MB
CDS: on
 - commit_granule_bytes: 65536.
 - commit_granule_words: 8192.
 - virtual_space_node_default_size: 8388608.
 - enlarge_chunks_in_place: 1.
 - use_allocation_guard: 0.


Internal statistics:

num_allocs_failed_limit: 15.
num_arena_births: 762.
num_arena_deaths: 0.
num_vsnodes_births: 2.
num_vsnodes_deaths: 0.
num_space_committed: 686.
num_space_uncommitted: 0.
num_chunks_returned_to_freelist: 15.
num_chunks_taken_from_freelist: 2455.
num_chunk_merges: 9.
num_chunk_splits: 1704.
num_chunks_enlarged: 1244.
num_inconsistent_stats: 0.

CodeHeap 'non-profiled nmethods': size=120000Kb used=9456Kb max_used=9456Kb free=110543Kb
 bounds [0x00000218682b0000, 0x0000021868bf0000, 0x000002186f7e0000]
CodeHeap 'profiled nmethods': size=120000Kb used=28138Kb max_used=28138Kb free=91861Kb
 bounds [0x00000218607e0000, 0x0000021862360000, 0x0000021867d10000]
CodeHeap 'non-nmethods': size=5760Kb used=1550Kb max_used=1741Kb free=4209Kb
 bounds [0x0000021867d10000, 0x0000021867f80000, 0x00000218682b0000]
 total_blobs=12720 nmethods=12106 adapters=518
 compilation: enabled
              stopped_count=0, restarted_count=0
 full_count=0

Compilation events (20 events):
Event: 34.310 Thread 0x000002187d424970 nmethod 12816 0x0000021868bd6e90 code [0x0000021868bd7b00, 0x0000021868be0c60]
Event: 34.314 Thread 0x0000021877492360 12951       3       org.springframework.boot.loader.tools.AbstractJarWriter::addUnpackCommentIfNecessary (75 bytes)
Event: 34.315 Thread 0x0000021877492360 nmethod 12951 0x0000021862356e90 code [0x0000021862357120, 0x0000021862358028]
Event: 34.315 Thread 0x0000021877492360 12952       3       org.springframework.boot.loader.tools.AbstractJarWriter::updateLayerIndex (64 bytes)
Event: 34.316 Thread 0x0000021877492360 nmethod 12952 0x0000021862358490 code [0x00000218623586e0, 0x0000021862359128]
Event: 34.316 Thread 0x0000021877492360 12953       3       org.springframework.boot.loader.tools.JarWriter::writeToArchive (60 bytes)
Event: 34.317 Thread 0x0000021877492360 nmethod 12953 0x0000021862359490 code [0x0000021862359700, 0x000002186235a248]
Event: 34.412 Thread 0x000002187d424970 12954   !   4       java.util.zip.Inflater::inflate (456 bytes)
Event: 34.417 Thread 0x000002187d424970 nmethod 12954 0x0000021868be8990 code [0x0000021868be8b80, 0x0000021868be9320]
Event: 34.464 Thread 0x000002187d424970 12955   !   4       java.io.FileOutputStream::write (47 bytes)
Event: 34.465 Thread 0x000002187d424970 nmethod 12955 0x0000021868be9890 code [0x0000021868be9a40, 0x0000021868be9bd0]
Event: 34.470 Thread 0x000002187d424970 12956       4       org.springframework.boot.loader.tools.ZipHeaderPeekInputStream::read (9 bytes)
Event: 34.472 Thread 0x000002187d424970 nmethod 12956 0x0000021868be9e10 code [0x0000021868be9fc0, 0x0000021868bea228]
Event: 34.540 Thread 0x0000021877492360 12957       3       org.apache.commons.compress.archivers.zip.ZipArchiveEntry::setSize (23 bytes)
Event: 34.540 Thread 0x0000021877492360 nmethod 12957 0x000002186235a690 code [0x000002186235a840, 0x000002186235aa58]
Event: 34.560 Thread 0x000002187d424970 12958       4       org.apache.commons.compress.archivers.zip.ZipArchiveEntry::getName (19 bytes)
Event: 34.561 Thread 0x000002187d424970 nmethod 12958 0x0000021868bea490 code [0x0000021868bea620, 0x0000021868bea6d8]
Event: 34.574 Thread 0x0000021877491570 12959       4       java.nio.charset.CharsetEncoder::replaceWith (89 bytes)
Event: 34.596 Thread 0x000002187d424970 12960       4       org.apache.commons.compress.archivers.zip.StreamCompressor::writeCounted (30 bytes)
Event: 34.597 Thread 0x000002187d424970 nmethod 12960 0x0000021868bea790 code [0x0000021868bea960, 0x0000021868beabd8]

GC Heap History (20 events):
Event: 6.257 GC heap before
{Heap before GC invocations=7 (full 0):
 garbage-first heap   total 124928K, used 99937K [0x0000000702000000, 0x0000000800000000)
  region size 2048K, 27 young (55296K), 3 survivors (6144K)
 Metaspace       used 30297K, committed 30784K, reserved 1114112K
  class space    used 3343K, committed 3584K, reserved 1048576K
}
Event: 6.271 GC heap after
{Heap after GC invocations=8 (full 0):
 garbage-first heap   total 124928K, used 51207K [0x0000000702000000, 0x0000000800000000)
  region size 2048K, 3 young (6144K), 3 survivors (6144K)
 Metaspace       used 30297K, committed 30784K, reserved 1114112K
  class space    used 3343K, committed 3584K, reserved 1048576K
}
Event: 6.561 GC heap before
{Heap before GC invocations=8 (full 0):
 garbage-first heap   total 124928K, used 104455K [0x0000000702000000, 0x0000000800000000)
  region size 2048K, 29 young (59392K), 3 survivors (6144K)
 Metaspace       used 30658K, committed 31232K, reserved 1114112K
  class space    used 3373K, committed 3648K, reserved 1048576K
}
Event: 6.578 GC heap after
{Heap after GC invocations=9 (full 0):
 garbage-first heap   total 124928K, used 53879K [0x0000000702000000, 0x0000000800000000)
  region size 2048K, 2 young (4096K), 2 survivors (4096K)
 Metaspace       used 30658K, committed 31232K, reserved 1114112K
  class space    used 3373K, committed 3648K, reserved 1048576K
}
Event: 6.819 GC heap before
{Heap before GC invocations=9 (full 0):
 garbage-first heap   total 124928K, used 107127K [0x0000000702000000, 0x0000000800000000)
  region size 2048K, 28 young (57344K), 2 survivors (4096K)
 Metaspace       used 30739K, committed 31296K, reserved 1114112K
  class space    used 3373K, committed 3648K, reserved 1048576K
}
Event: 6.829 GC heap after
{Heap after GC invocations=10 (full 0):
 garbage-first heap   total 157696K, used 56813K [0x0000000702000000, 0x0000000800000000)
  region size 2048K, 4 young (8192K), 4 survivors (8192K)
 Metaspace       used 30739K, committed 31296K, reserved 1114112K
  class space    used 3373K, committed 3648K, reserved 1048576K
}
Event: 7.185 GC heap before
{Heap before GC invocations=10 (full 0):
 garbage-first heap   total 157696K, used 134637K [0x0000000702000000, 0x0000000800000000)
  region size 2048K, 42 young (86016K), 4 survivors (8192K)
 Metaspace       used 30830K, committed 31424K, reserved 1114112K
  class space    used 3379K, committed 3648K, reserved 1048576K
}
Event: 7.201 GC heap after
{Heap after GC invocations=11 (full 0):
 garbage-first heap   total 157696K, used 60372K [0x0000000702000000, 0x0000000800000000)
  region size 2048K, 5 young (10240K), 5 survivors (10240K)
 Metaspace       used 30830K, committed 31424K, reserved 1114112K
  class space    used 3379K, committed 3648K, reserved 1048576K
}
Event: 7.560 GC heap before
{Heap before GC invocations=11 (full 0):
 garbage-first heap   total 157696K, used 136148K [0x0000000702000000, 0x0000000800000000)
  region size 2048K, 42 young (86016K), 5 survivors (10240K)
 Metaspace       used 30913K, committed 31488K, reserved 1114112K
  class space    used 3379K, committed 3648K, reserved 1048576K
}
Event: 7.571 GC heap after
{Heap after GC invocations=12 (full 0):
 garbage-first heap   total 157696K, used 59567K [0x0000000702000000, 0x0000000800000000)
  region size 2048K, 3 young (6144K), 3 survivors (6144K)
 Metaspace       used 30913K, committed 31488K, reserved 1114112K
  class space    used 3379K, committed 3648K, reserved 1048576K
}
Event: 7.823 GC heap before
{Heap before GC invocations=12 (full 0):
 garbage-first heap   total 157696K, used 139439K [0x0000000702000000, 0x0000000800000000)
  region size 2048K, 42 young (86016K), 3 survivors (6144K)
 Metaspace       used 30980K, committed 31552K, reserved 1114112K
  class space    used 3379K, committed 3648K, reserved 1048576K
}
Event: 7.832 GC heap after
{Heap after GC invocations=13 (full 0):
 garbage-first heap   total 157696K, used 59506K [0x0000000702000000, 0x0000000800000000)
  region size 2048K, 3 young (6144K), 3 survivors (6144K)
 Metaspace       used 30980K, committed 31552K, reserved 1114112K
  class space    used 3379K, committed 3648K, reserved 1048576K
}
Event: 8.941 GC heap before
{Heap before GC invocations=13 (full 0):
 garbage-first heap   total 157696K, used 139378K [0x0000000702000000, 0x0000000800000000)
  region size 2048K, 42 young (86016K), 3 survivors (6144K)
 Metaspace       used 33451K, committed 33984K, reserved 1114112K
  class space    used 3623K, committed 3840K, reserved 1048576K
}
Event: 8.951 GC heap after
{Heap after GC invocations=14 (full 0):
 garbage-first heap   total 215040K, used 61701K [0x0000000702000000, 0x0000000800000000)
  region size 2048K, 4 young (8192K), 4 survivors (8192K)
 Metaspace       used 33451K, committed 33984K, reserved 1114112K
  class space    used 3623K, committed 3840K, reserved 1048576K
}
Event: 10.325 GC heap before
{Heap before GC invocations=14 (full 0):
 garbage-first heap   total 215040K, used 184581K [0x0000000702000000, 0x0000000800000000)
  region size 2048K, 63 young (129024K), 4 survivors (8192K)
 Metaspace       used 34010K, committed 34624K, reserved 1114112K
  class space    used 3661K, committed 3968K, reserved 1048576K
}
Event: 10.341 GC heap after
{Heap after GC invocations=15 (full 0):
 garbage-first heap   total 215040K, used 85822K [0x0000000702000000, 0x0000000800000000)
  region size 2048K, 8 young (16384K), 8 survivors (16384K)
 Metaspace       used 34010K, committed 34624K, reserved 1114112K
  class space    used 3661K, committed 3968K, reserved 1048576K
}
Event: 11.229 GC heap before
{Heap before GC invocations=15 (full 0):
 garbage-first heap   total 215040K, used 153406K [0x0000000702000000, 0x0000000800000000)
  region size 2048K, 42 young (86016K), 8 survivors (16384K)
 Metaspace       used 35923K, committed 36480K, reserved 1114112K
  class space    used 3870K, committed 4160K, reserved 1048576K
}
Event: 11.240 GC heap after
{Heap after GC invocations=16 (full 0):
 garbage-first heap   total 215040K, used 84399K [0x0000000702000000, 0x0000000800000000)
  region size 2048K, 3 young (6144K), 3 survivors (6144K)
 Metaspace       used 35923K, committed 36480K, reserved 1114112K
  class space    used 3870K, committed 4160K, reserved 1048576K
}
Event: 33.503 GC heap before
{Heap before GC invocations=17 (full 0):
 garbage-first heap   total 301056K, used 297391K [0x0000000702000000, 0x0000000800000000)
  region size 2048K, 46 young (94208K), 3 survivors (6144K)
 Metaspace       used 41607K, committed 42240K, reserved 1114112K
  class space    used 4513K, committed 4800K, reserved 1048576K
}
Event: 33.510 GC heap after
{Heap after GC invocations=18 (full 0):
 garbage-first heap   total 311296K, used 214772K [0x0000000702000000, 0x0000000800000000)
  region size 2048K, 5 young (10240K), 5 survivors (10240K)
 Metaspace       used 41607K, committed 42240K, reserved 1114112K
  class space    used 4513K, committed 4800K, reserved 1048576K
}

Dll operation events (8 events):
Event: 0.005 Loaded shared library C:\Program Files\Amazon Corretto\jdk21.0.7_6\bin\java.dll
Event: 0.031 Loaded shared library C:\Program Files\Amazon Corretto\jdk21.0.7_6\bin\jsvml.dll
Event: 0.046 Loaded shared library C:\Program Files\Amazon Corretto\jdk21.0.7_6\bin\net.dll
Event: 0.047 Loaded shared library C:\Program Files\Amazon Corretto\jdk21.0.7_6\bin\nio.dll
Event: 0.050 Loaded shared library C:\Program Files\Amazon Corretto\jdk21.0.7_6\bin\zip.dll
Event: 0.153 Loaded shared library C:\Program Files\Amazon Corretto\jdk21.0.7_6\bin\jimage.dll
Event: 0.153 Loaded shared library C:\Program Files\apache-maven-3.9.9\lib\jansi-native\Windows\x86_64\jansi.dll
Event: 0.167 Loaded shared library C:\Program Files\Amazon Corretto\jdk21.0.7_6\bin\verify.dll

Deoptimization events (20 events):
Event: 33.987 Thread 0x0000021855ddc000 Uncommon trap: trap_request=0xffffffc6 fr.pc=0x00000218686d7df4 relative=0x0000000000001614
Event: 33.987 Thread 0x0000021855ddc000 Uncommon trap: reason=bimorphic_or_optimized_type_check action=maybe_recompile pc=0x00000218686d7df4 method=java.io.FilterInputStream.read([BII)I @ 7 c2
Event: 33.987 Thread 0x0000021855ddc000 DEOPT PACKING pc=0x00000218686d7df4 sp=0x000000b65b5fda90
Event: 33.987 Thread 0x0000021855ddc000 DEOPT UNPACKING pc=0x0000021867d646a2 sp=0x000000b65b5fda48 mode 2
Event: 33.987 Thread 0x0000021855ddc000 Uncommon trap: trap_request=0xffffffc6 fr.pc=0x00000218686f2580 relative=0x00000000000012c0
Event: 33.987 Thread 0x0000021855ddc000 Uncommon trap: reason=bimorphic_or_optimized_type_check action=maybe_recompile pc=0x00000218686f2580 method=java.io.FilterInputStream.read([BII)I @ 7 c2
Event: 33.987 Thread 0x0000021855ddc000 DEOPT PACKING pc=0x00000218686f2580 sp=0x000000b65b5fda00
Event: 33.987 Thread 0x0000021855ddc000 DEOPT UNPACKING pc=0x0000021867d646a2 sp=0x000000b65b5fda48 mode 2
Event: 34.061 Thread 0x0000021855ddc000 Uncommon trap: trap_request=0xffffff45 fr.pc=0x0000021868bbb624 relative=0x0000000000002fc4
Event: 34.061 Thread 0x0000021855ddc000 Uncommon trap: reason=unstable_if action=reinterpret pc=0x0000021868bbb624 method=java.util.zip.ZipFile.getInputStream(Ljava/util/zip/ZipEntry;)Ljava/io/InputStream; @ 101 c2
Event: 34.061 Thread 0x0000021855ddc000 DEOPT PACKING pc=0x0000021868bbb624 sp=0x000000b65b5fdd30
Event: 34.061 Thread 0x0000021855ddc000 DEOPT UNPACKING pc=0x0000021867d646a2 sp=0x000000b65b5fdcf8 mode 2
Event: 34.061 Thread 0x0000021855ddc000 Uncommon trap: trap_request=0xffffff45 fr.pc=0x00000218685fe880 relative=0x0000000000000160
Event: 34.061 Thread 0x0000021855ddc000 Uncommon trap: reason=unstable_if action=reinterpret pc=0x00000218685fe880 method=java.util.Arrays.equals([B[B)Z @ 34 c2
Event: 34.062 Thread 0x0000021855ddc000 DEOPT PACKING pc=0x00000218685fe880 sp=0x000000b65b5fde00
Event: 34.062 Thread 0x0000021855ddc000 DEOPT UNPACKING pc=0x0000021867d646a2 sp=0x000000b65b5fddc8 mode 2
Event: 34.062 Thread 0x0000021855ddc000 Uncommon trap: trap_request=0xffffff45 fr.pc=0x00000218685174a0 relative=0x0000000000000340
Event: 34.062 Thread 0x0000021855ddc000 Uncommon trap: reason=unstable_if action=reinterpret pc=0x00000218685174a0 method=java.util.zip.Inflater.inflate([BII)I @ 31 c2
Event: 34.062 Thread 0x0000021855ddc000 DEOPT PACKING pc=0x00000218685174a0 sp=0x000000b65b5fdd90
Event: 34.062 Thread 0x0000021855ddc000 DEOPT UNPACKING pc=0x0000021867d646a2 sp=0x000000b65b5fdd00 mode 2

Classes loaded (20 events):
Event: 33.804 Loading class javax/management/MBeanServerConnection
Event: 33.804 Loading class javax/management/MBeanServerConnection done
Event: 33.810 Loading class javax/management/ReflectionException
Event: 33.810 Loading class javax/management/ReflectionException done
Event: 33.821 Loading class java/util/jar/JarOutputStream
Event: 33.821 Loading class java/util/jar/JarOutputStream done
Event: 33.905 Loading class java/net/HttpURLConnection
Event: 33.905 Loading class java/net/HttpURLConnection done
Event: 33.907 Loading class java/util/stream/DistinctOps
Event: 33.907 Loading class java/util/stream/DistinctOps done
Event: 33.908 Loading class java/util/stream/DistinctOps$1
Event: 33.908 Loading class java/util/stream/DistinctOps$1 done
Event: 33.909 Loading class java/util/stream/DistinctOps$1$2
Event: 33.909 Loading class java/util/stream/DistinctOps$1$2 done
Event: 33.915 Loading class java/util/jar/JarInputStream
Event: 33.915 Loading class java/util/jar/JarInputStream done
Event: 33.946 Loading class java/io/FileFilter
Event: 33.946 Loading class java/io/FileFilter done
Event: 33.949 Loading class sun/security/util/ManifestEntryVerifier
Event: 33.949 Loading class sun/security/util/ManifestEntryVerifier done

Classes unloaded (0 events):
No events

Classes redefined (0 events):
No events

Internal exceptions (20 events):
Event: 32.111 Thread 0x0000021855ddc000 Exception <a 'sun/nio/fs/WindowsException'{0x0000000709e18f78}> (0x0000000709e18f78) 
thrown [s\src\hotspot\share\prims\jni.cpp, line 520]
Event: 32.121 Thread 0x0000021855ddc000 Exception <a 'sun/nio/fs/WindowsException'{0x0000000709e1ff10}> (0x0000000709e1ff10) 
thrown [s\src\hotspot\share\prims\jni.cpp, line 520]
Event: 32.130 Thread 0x0000021855ddc000 Exception <a 'sun/nio/fs/WindowsException'{0x0000000709e26fa0}> (0x0000000709e26fa0) 
thrown [s\src\hotspot\share\prims\jni.cpp, line 520]
Event: 32.137 Thread 0x0000021855ddc000 Exception <a 'sun/nio/fs/WindowsException'{0x0000000709e2de60}> (0x0000000709e2de60) 
thrown [s\src\hotspot\share\prims\jni.cpp, line 520]
Event: 32.144 Thread 0x0000021855ddc000 Exception <a 'sun/nio/fs/WindowsException'{0x0000000709e35158}> (0x0000000709e35158) 
thrown [s\src\hotspot\share\prims\jni.cpp, line 520]
Event: 32.150 Thread 0x0000021855ddc000 Exception <a 'sun/nio/fs/WindowsException'{0x0000000709e3c5c8}> (0x0000000709e3c5c8) 
thrown [s\src\hotspot\share\prims\jni.cpp, line 520]
Event: 32.157 Thread 0x0000021855ddc000 Exception <a 'sun/nio/fs/WindowsException'{0x0000000709e43918}> (0x0000000709e43918) 
thrown [s\src\hotspot\share\prims\jni.cpp, line 520]
Event: 32.165 Thread 0x0000021855ddc000 Exception <a 'sun/nio/fs/WindowsException'{0x0000000709e4aa58}> (0x0000000709e4aa58) 
thrown [s\src\hotspot\share\prims\jni.cpp, line 520]
Event: 32.171 Thread 0x0000021855ddc000 Exception <a 'sun/nio/fs/WindowsException'{0x0000000709e518b0}> (0x0000000709e518b0) 
thrown [s\src\hotspot\share\prims\jni.cpp, line 520]
Event: 32.178 Thread 0x0000021855ddc000 Exception <a 'sun/nio/fs/WindowsException'{0x0000000709e58a18}> (0x0000000709e58a18) 
thrown [s\src\hotspot\share\prims\jni.cpp, line 520]
Event: 32.185 Thread 0x0000021855ddc000 Exception <a 'sun/nio/fs/WindowsException'{0x0000000709e5fb70}> (0x0000000709e5fb70) 
thrown [s\src\hotspot\share\prims\jni.cpp, line 520]
Event: 32.192 Thread 0x0000021855ddc000 Exception <a 'sun/nio/fs/WindowsException'{0x0000000709e66c20}> (0x0000000709e66c20) 
thrown [s\src\hotspot\share\prims\jni.cpp, line 520]
Event: 32.198 Thread 0x0000021855ddc000 Exception <a 'sun/nio/fs/WindowsException'{0x0000000709e6dd90}> (0x0000000709e6dd90) 
thrown [s\src\hotspot\share\prims\jni.cpp, line 520]
Event: 32.205 Thread 0x0000021855ddc000 Exception <a 'sun/nio/fs/WindowsException'{0x0000000709e74c08}> (0x0000000709e74c08) 
thrown [s\src\hotspot\share\prims\jni.cpp, line 520]
Event: 32.213 Thread 0x0000021855ddc000 Exception <a 'sun/nio/fs/WindowsException'{0x0000000709e7bb28}> (0x0000000709e7bb28) 
thrown [s\src\hotspot\share\prims\jni.cpp, line 520]
Event: 32.220 Thread 0x0000021855ddc000 Exception <a 'sun/nio/fs/WindowsException'{0x0000000709e827e8}> (0x0000000709e827e8) 
thrown [s\src\hotspot\share\prims\jni.cpp, line 520]
Event: 32.226 Thread 0x0000021855ddc000 Exception <a 'sun/nio/fs/WindowsException'{0x0000000709e89418}> (0x0000000709e89418) 
thrown [s\src\hotspot\share\prims\jni.cpp, line 520]
Event: 32.233 Thread 0x0000021855ddc000 Exception <a 'sun/nio/fs/WindowsException'{0x0000000709e90060}> (0x0000000709e90060) 
thrown [s\src\hotspot\share\prims\jni.cpp, line 520]
Event: 32.239 Thread 0x0000021855ddc000 Exception <a 'sun/nio/fs/WindowsException'{0x0000000709e96da8}> (0x0000000709e96da8) 
thrown [s\src\hotspot\share\prims\jni.cpp, line 520]
Event: 33.891 Thread 0x0000021855ddc000 Exception <a 'java/lang/NoSuchMethodError'{0x000000070cd7e0f8}: 'void java.lang.invoke.DirectMethodHandle$Holder.invokeStatic(java.lang.Object, java.lang.Object, java.lang.Object, java.lang.Object)'> (0x000000070cd7e0f8) 
thrown [s\src\hotspot\share\interpreter\linkResolver.cpp, line 773]

ZGC Phase Switch (0 events):
No events

VM Operations (20 events):
Event: 27.645 Executing VM operation: Cleanup
Event: 27.645 Executing VM operation: Cleanup done
Event: 28.649 Executing VM operation: Cleanup
Event: 28.649 Executing VM operation: Cleanup done
Event: 29.659 Executing VM operation: HandshakeAllThreads (Deoptimize)
Event: 29.659 Executing VM operation: HandshakeAllThreads (Deoptimize) done
Event: 29.659 Executing VM operation: Cleanup
Event: 29.659 Executing VM operation: Cleanup done
Event: 31.669 Executing VM operation: Cleanup
Event: 31.669 Executing VM operation: Cleanup done
Event: 32.683 Executing VM operation: Cleanup
Event: 32.683 Executing VM operation: Cleanup done
Event: 33.502 Executing VM operation: G1CollectForAllocation (G1 Evacuation Pause)
Event: 33.510 Executing VM operation: G1CollectForAllocation (G1 Evacuation Pause) done
Event: 33.825 Executing VM operation: HandshakeAllThreads (Deoptimize)
Event: 33.825 Executing VM operation: HandshakeAllThreads (Deoptimize) done
Event: 33.909 Executing VM operation: HandshakeAllThreads (Deoptimize)
Event: 33.909 Executing VM operation: HandshakeAllThreads (Deoptimize) done
Event: 33.917 Executing VM operation: HandshakeAllThreads (Deoptimize)
Event: 33.917 Executing VM operation: HandshakeAllThreads (Deoptimize) done

Memory protections (0 events):
No events

Nmethod flushes (20 events):
Event: 11.313 Thread 0x000002187746cbb0 flushing  nmethod 0x0000021861067290
Event: 11.313 Thread 0x000002187746cbb0 flushing  nmethod 0x0000021861089710
Event: 11.313 Thread 0x000002187746cbb0 flushing  nmethod 0x000002186110f310
Event: 11.313 Thread 0x000002187746cbb0 flushing  nmethod 0x0000021861139690
Event: 11.313 Thread 0x000002187746cbb0 flushing  nmethod 0x000002186113f710
Event: 11.313 Thread 0x000002187746cbb0 flushing  nmethod 0x0000021861199910
Event: 11.313 Thread 0x000002187746cbb0 flushing  nmethod 0x0000021861256590
Event: 11.313 Thread 0x000002187746cbb0 flushing  nmethod 0x0000021861256b10
Event: 11.313 Thread 0x000002187746cbb0 flushing  nmethod 0x0000021861257090
Event: 11.313 Thread 0x000002187746cbb0 flushing  nmethod 0x0000021861257490
Event: 11.313 Thread 0x000002187746cbb0 flushing  nmethod 0x0000021861257810
Event: 11.313 Thread 0x000002187746cbb0 flushing  nmethod 0x0000021861257d90
Event: 11.313 Thread 0x000002187746cbb0 flushing  nmethod 0x0000021861258310
Event: 11.313 Thread 0x000002187746cbb0 flushing  nmethod 0x0000021861258890
Event: 11.313 Thread 0x000002187746cbb0 flushing  nmethod 0x0000021861258e10
Event: 11.313 Thread 0x000002187746cbb0 flushing  nmethod 0x000002186125b010
Event: 11.313 Thread 0x000002187746cbb0 flushing  nmethod 0x000002186125b710
Event: 11.313 Thread 0x000002187746cbb0 flushing  nmethod 0x000002186125bf10
Event: 11.313 Thread 0x000002187746cbb0 flushing  nmethod 0x000002186125c490
Event: 11.313 Thread 0x000002187746cbb0 flushing  nmethod 0x000002186125c990

Events (20 events):
Event: 32.213 Thread 0x000002187da27230 Thread exited: 0x000002187da27230
Event: 32.311 Thread 0x0000021877492360 Thread added: 0x000002187eb8ac10
Event: 32.558 Thread 0x0000021855ddc000 Thread added: 0x000002187d3fa4e0
Event: 32.558 Thread 0x0000021855ddc000 Thread added: 0x000002187d3f6340
Event: 32.558 Thread 0x0000021855ddc000 Thread added: 0x000002187d3f7d80
Event: 32.558 Thread 0x0000021855ddc000 Thread added: 0x000002187d3f9e50
Event: 32.558 Thread 0x0000021855ddc000 Thread added: 0x000002187d3f69d0
Event: 32.559 Thread 0x0000021855ddc000 Thread added: 0x000002187d3f8aa0
Event: 32.559 Thread 0x0000021855ddc000 Thread added: 0x000002187d3fab70
Event: 32.560 Thread 0x0000021855ddc000 Thread added: 0x000002187d3fb200
Event: 32.783 Thread 0x000002187eb8ac10 Thread exited: 0x000002187eb8ac10
Event: 33.466 Thread 0x000002187d3fab70 Thread exited: 0x000002187d3fab70
Event: 33.466 Thread 0x000002187d3f8aa0 Thread exited: 0x000002187d3f8aa0
Event: 33.466 Thread 0x000002187d3fb200 Thread exited: 0x000002187d3fb200
Event: 33.466 Thread 0x000002187d3f9e50 Thread exited: 0x000002187d3f9e50
Event: 33.466 Thread 0x000002187d3fa4e0 Thread exited: 0x000002187d3fa4e0
Event: 33.466 Thread 0x000002187d3f7d80 Thread exited: 0x000002187d3f7d80
Event: 33.466 Thread 0x000002187d3f69d0 Thread exited: 0x000002187d3f69d0
Event: 33.466 Thread 0x000002187d3f6340 Thread exited: 0x000002187d3f6340
Event: 33.653 Thread 0x0000021877491570 Thread added: 0x000002187d424970


Dynamic libraries:
0x00007ff789f10000 - 0x00007ff789f1e000 	C:\Program Files\Amazon Corretto\jdk21.0.7_6\bin\java.exe
0x00007fff93bf0000 - 0x00007fff93de5000 	C:\WINDOWS\SYSTEM32\ntdll.dll
0x00007fff91f90000 - 0x00007fff9204d000 	C:\WINDOWS\System32\KERNEL32.DLL
0x00007fff91870000 - 0x00007fff91b3d000 	C:\WINDOWS\System32\KERNELBASE.dll
0x00007fff91b40000 - 0x00007fff91c40000 	C:\WINDOWS\System32\ucrtbase.dll
0x00007fff77380000 - 0x00007fff77398000 	C:\Program Files\Amazon Corretto\jdk21.0.7_6\bin\jli.dll
0x00007fff77060000 - 0x00007fff7707b000 	C:\Program Files\Amazon Corretto\jdk21.0.7_6\bin\VCRUNTIME140.dll
0x00007fff92920000 - 0x00007fff92ac0000 	C:\WINDOWS\System32\USER32.dll
0x00007fff91c40000 - 0x00007fff91c62000 	C:\WINDOWS\System32\win32u.dll
0x00007fff907a0000 - 0x00007fff90a3a000 	C:\WINDOWS\WinSxS\amd64_microsoft.windows.common-controls_6595b64144ccf1df_6.0.19041.1110_none_60b5254171f9507e\COMCTL32.dll
0x00007fff91f60000 - 0x00007fff91f8a000 	C:\WINDOWS\System32\GDI32.dll
0x00007fff91d40000 - 0x00007fff91dde000 	C:\WINDOWS\System32\msvcrt.dll
0x00007fff913f0000 - 0x00007fff914fb000 	C:\WINDOWS\System32\gdi32full.dll
0x00007fff91740000 - 0x00007fff917dd000 	C:\WINDOWS\System32\msvcp_win.dll
0x00007fff93700000 - 0x00007fff93730000 	C:\WINDOWS\System32\IMM32.DLL
0x00007fff77050000 - 0x00007fff7705c000 	C:\Program Files\Amazon Corretto\jdk21.0.7_6\bin\vcruntime140_1.dll
0x00007fff76940000 - 0x00007fff769cd000 	C:\Program Files\Amazon Corretto\jdk21.0.7_6\bin\msvcp140.dll
0x00007fff25ec0000 - 0x00007fff26c5f000 	C:\Program Files\Amazon Corretto\jdk21.0.7_6\bin\server\jvm.dll
0x00007fff92050000 - 0x00007fff920fe000 	C:\WINDOWS\System32\ADVAPI32.dll
0x00007fff93540000 - 0x00007fff935dc000 	C:\WINDOWS\System32\sechost.dll
0x00007fff92220000 - 0x00007fff92345000 	C:\WINDOWS\System32\RPCRT4.dll
0x00007fff92350000 - 0x00007fff923bb000 	C:\WINDOWS\System32\WS2_32.dll
0x00007fff91260000 - 0x00007fff912ab000 	C:\WINDOWS\SYSTEM32\POWRPROF.dll
0x00007fff86cb0000 - 0x00007fff86cd7000 	C:\WINDOWS\SYSTEM32\WINMM.dll
0x00007fff8bbc0000 - 0x00007fff8bbca000 	C:\WINDOWS\SYSTEM32\VERSION.dll
0x00007fff91240000 - 0x00007fff91252000 	C:\WINDOWS\SYSTEM32\UMPDC.dll
0x00007fff8f680000 - 0x00007fff8f692000 	C:\WINDOWS\SYSTEM32\kernel.appcore.dll
0x00007fff76c80000 - 0x00007fff76c8a000 	C:\Program Files\Amazon Corretto\jdk21.0.7_6\bin\jimage.dll
0x00007fff90b80000 - 0x00007fff90d64000 	C:\WINDOWS\SYSTEM32\DBGHELP.DLL
0x00007fff90b50000 - 0x00007fff90b7c000 	C:\WINDOWS\SYSTEM32\dbgcore.DLL
0x00007fff917e0000 - 0x00007fff91862000 	C:\WINDOWS\System32\bcryptPrimitives.dll
0x00007fff76b30000 - 0x00007fff76b4f000 	C:\Program Files\Amazon Corretto\jdk21.0.7_6\bin\java.dll
0x00007fff92df0000 - 0x00007fff93534000 	C:\WINDOWS\System32\SHELL32.dll
0x00007fff8ed80000 - 0x00007fff8f514000 	C:\WINDOWS\SYSTEM32\windows.storage.dll
0x00007fff92490000 - 0x00007fff927e4000 	C:\WINDOWS\System32\combase.dll
0x00007fff90700000 - 0x00007fff9072c000 	C:\WINDOWS\SYSTEM32\Wldp.dll
0x00007fff92170000 - 0x00007fff9221d000 	C:\WINDOWS\System32\SHCORE.dll
0x00007fff92100000 - 0x00007fff92155000 	C:\WINDOWS\System32\shlwapi.dll
0x00007fff91330000 - 0x00007fff9134f000 	C:\WINDOWS\SYSTEM32\profapi.dll
0x00007fff73a50000 - 0x00007fff73b27000 	C:\Program Files\Amazon Corretto\jdk21.0.7_6\bin\jsvml.dll
0x00007fff76b00000 - 0x00007fff76b10000 	C:\Program Files\Amazon Corretto\jdk21.0.7_6\bin\net.dll
0x00007fff8adf0000 - 0x00007fff8aefa000 	C:\WINDOWS\SYSTEM32\WINHTTP.dll
0x00007fff905d0000 - 0x00007fff9063a000 	C:\WINDOWS\system32\mswsock.dll
0x00007fff76ae0000 - 0x00007fff76af6000 	C:\Program Files\Amazon Corretto\jdk21.0.7_6\bin\nio.dll
0x00007fff76a40000 - 0x00007fff76a58000 	C:\Program Files\Amazon Corretto\jdk21.0.7_6\bin\zip.dll
0x00007fff76a10000 - 0x00007fff76a34000 	C:\Program Files\apache-maven-3.9.9\lib\jansi-native\Windows\x86_64\jansi.dll
0x00007fff76aa0000 - 0x00007fff76ab0000 	C:\Program Files\Amazon Corretto\jdk21.0.7_6\bin\verify.dll
0x00007fff91070000 - 0x00007fff910a3000 	C:\WINDOWS\SYSTEM32\ntmarta.dll
0x00007fff910b0000 - 0x00007fff910c8000 	C:\WINDOWS\SYSTEM32\CRYPTSP.dll
0x00007fff8fe00000 - 0x00007fff8fe34000 	C:\WINDOWS\system32\rsaenh.dll
0x00007fff91500000 - 0x00007fff91527000 	C:\WINDOWS\System32\bcrypt.dll
0x00007fff912f0000 - 0x00007fff9131e000 	C:\WINDOWS\SYSTEM32\USERENV.dll
0x00007fff906c0000 - 0x00007fff906cc000 	C:\WINDOWS\SYSTEM32\CRYPTBASE.dll
0x00007fff90150000 - 0x00007fff9018b000 	C:\WINDOWS\SYSTEM32\IPHLPAPI.DLL
0x00007fff92160000 - 0x00007fff92168000 	C:\WINDOWS\System32\NSI.dll
0x00007fff76770000 - 0x00007fff767a7000 	C:\ProgramData\Microsoft\Windows Defender\Platform\4.18.25050.5-0\MpDetoursCopyAccelerator.dll
0x00007fff7ca20000 - 0x00007fff7cbcf000 	C:\ProgramData\Microsoft\Windows Defender\Platform\4.18.25050.5-0\mpclient.dll
0x00007fff91c70000 - 0x00007fff91cd8000 	C:\WINDOWS\System32\WINTRUST.dll
0x00007fff91530000 - 0x00007fff91686000 	C:\WINDOWS\System32\CRYPT32.dll
0x00007fff90b30000 - 0x00007fff90b42000 	C:\WINDOWS\SYSTEM32\MSASN1.dll

dbghelp: loaded successfully - version: 4.0.5 - missing functions: none
symbol engine: initialized successfully - sym options: 0x614 - pdb path: .;C:\Program Files\Amazon Corretto\jdk21.0.7_6\bin;C:\WINDOWS\SYSTEM32;C:\WINDOWS\WinSxS\amd64_microsoft.windows.common-controls_6595b64144ccf1df_6.0.19041.1110_none_60b5254171f9507e;C:\Program Files\Amazon Corretto\jdk21.0.7_6\bin\server;C:\Program Files\apache-maven-3.9.9\lib\jansi-native\Windows\x86_64;C:\ProgramData\Microsoft\Windows Defender\Platform\4.18.25050.5-0

VM Arguments:
jvm_args: -Dclassworlds.conf=C:\Program Files\apache-maven-3.9.9\bin\m2.conf -Dmaven.home=C:\Program Files\apache-maven-3.9.9 -Dlibrary.jansi.path=C:\Program Files\apache-maven-3.9.9\lib\jansi-native -Dmaven.multiModuleProjectDirectory=C:\Users\Chamii\Desktop\sasip\quizz 
java_command: org.codehaus.plexus.classworlds.launcher.Launcher clean install
java_class_path (initial): C:\Program Files\apache-maven-3.9.9\boot\plexus-classworlds-2.8.0.jar
Launcher Type: SUN_STANDARD

[Global flags]
     intx CICompilerCount                          = 4                                         {product} {ergonomic}
     uint ConcGCThreads                            = 2                                         {product} {ergonomic}
     uint G1ConcRefinementThreads                  = 8                                         {product} {ergonomic}
   size_t G1HeapRegionSize                         = 2097152                                   {product} {ergonomic}
    uintx GCDrainStackTargetSize                   = 64                                        {product} {ergonomic}
   size_t InitialHeapSize                          = 266338304                                 {product} {ergonomic}
   size_t MarkStackSize                            = 4194304                                   {product} {ergonomic}
   size_t MaxHeapSize                              = 4261412864                                {product} {ergonomic}
   size_t MaxNewSize                               = 2556428288                                {product} {ergonomic}
   size_t MinHeapDeltaBytes                        = 2097152                                   {product} {ergonomic}
   size_t MinHeapSize                              = 8388608                                   {product} {ergonomic}
    uintx NonNMethodCodeHeapSize                   = 5839372                                {pd product} {ergonomic}
    uintx NonProfiledCodeHeapSize                  = 122909434                              {pd product} {ergonomic}
     bool PerfDisableSharedMem                     = true                                      {product} {ergonomic}
    uintx ProfiledCodeHeapSize                     = 122909434                              {pd product} {ergonomic}
    uintx ReservedCodeCacheSize                    = 251658240                              {pd product} {ergonomic}
     bool SegmentedCodeCache                       = true                                      {product} {ergonomic}
   size_t SoftMaxHeapSize                          = 4261412864                             {manageable} {ergonomic}
     bool UseCompressedOops                        = true                           {product lp64_product} {ergonomic}
     bool UseG1GC                                  = true                                      {product} {ergonomic}
     bool UseLargePagesIndividualAllocation        = false                                  {pd product} {ergonomic}

Logging:
Log output configuration:
 #0: stdout all=warning uptime,level,tags foldmultilines=false
 #1: stderr all=off uptime,level,tags foldmultilines=false

Environment Variables:
JAVA_HOME=C:\Program Files\Amazon Corretto\jdk21.0.7_6
PATH=C:\Program Files\Eclipse Adoptium\jdk-21.0.7.6-hotspot\bin;C:\Program Files\Amazon Corretto\jdk21.0.7_6\bin;C:\Python313\Scripts\;C:\Python313\;C:\Program Files (x86)\Common Files\Oracle\Java\java8path;C:\Program Files (x86)\Common Files\Oracle\Java\javapath;C:\WINDOWS\system32;C:\WINDOWS;C:\WINDOWS\System32\Wbem;C:\WINDOWS\System32\WindowsPowerShell\v1.0\;C:\WINDOWS\System32\OpenSSH\;C:\Program Files\nodejs\;C:\ProgramData\chocolatey\bin;C:\Program Files\Git\cmd;C:\Program Files\MySQL\MySQL Shell 8.0\bin\;C:\Users\Chamii\AppData\Local\Microsoft\WindowsApps;C:\Users\Chamii\AppData\Roaming\npm;C:\Program Files\apache-maven-3.9.9\bin;C:\Users\Chamii\AppData\Local\Programs\Microsoft VS Code\bin
USERNAME=Chamii
LANG=en_US.UTF-8
OS=Windows_NT
PROCESSOR_IDENTIFIER=Intel64 Family 6 Model 142 Stepping 10, GenuineIntel
TMP=C:\Users\Chamii\AppData\Local\Temp
TEMP=C:\Users\Chamii\AppData\Local\Temp




Periodic native trim disabled

---------------  S Y S T E M  ---------------

OS:
 Windows 10 , 64 bit Build 19041 (10.0.19041.1706)
OS uptime: 1 days 3:36 hours

CPU: total 8 (initial active 8) (4 cores per cpu, 2 threads per core) family 6 model 142 stepping 10 microcode 0xb4, cx8, cmov, fxsr, ht, mmx, 3dnowpref, sse, sse2, sse3, ssse3, sse4.1, sse4.2, popcnt, lzcnt, tsc, tscinvbit, avx, avx2, aes, erms, clmul, bmi1, bmi2, adx, fma, vzeroupper, clflush, clflushopt, rdtscp, f16c
Processor Information for the first 8 processors :
  Max Mhz: 1800, Current Mhz: 1600, Mhz Limit: 1584

Memory: 4k page, system-wide physical 16249M (7691M free)
TotalPageFile size 18681M (AvailPageFile size 8280M)
current process WorkingSet (physical memory assigned to process): 645M, peak: 648M
current process commit charge ("private bytes"): 697M, peak: 700M

vm_info: OpenJDK 64-Bit Server VM (21.0.7+6-LTS) for windows-amd64 JRE (21.0.7+6-LTS), built on 2025-04-14T16:08:54Z by "Administrator" with MS VC++ 16.10 / 16.11 (VS2019)

END.
