#
# A fatal error has been detected by the Java Runtime Environment:
#
#  EXCEPTION_ACCESS_VIOLATION (0xc0000005) at pc=0x0000020321c2c285, pid=13648, tid=7976
#
# JRE version: OpenJDK Runtime Environment Temurin-21.0.8+9 (21.0.8+9) (build 21.0.8+9-LTS)
# Java VM: OpenJDK 64-Bit Server VM Temurin-21.0.8+9 (21.0.8+9-LTS, mixed mode, sharing, tiered, compressed oops, compressed class ptrs, parallel gc, windows-amd64)
# Problematic frame:
# j  java.util.ServiceLoader$ModuleServicesLookupIterator.hasNext()Z+0 java.base@21.0.8
#
# No core dump will be written. Minidumps are not enabled by default on client versions of Windows
#
# If you would like to submit a bug report, please visit:
#   https://github.com/adoptium/adoptium-support/issues
#

---------------  S U M M A R Y ------------

Command Line: --add-modules=ALL-SYSTEM --add-opens=java.base/java.util=ALL-UNNAMED --add-opens=java.base/java.lang=ALL-UNNAMED --add-opens=java.base/sun.nio.fs=ALL-UNNAMED -Declipse.application=org.eclipse.jdt.ls.core.id1 -Dosgi.bundles.defaultStartLevel=4 -Declipse.product=org.eclipse.jdt.ls.core.product -Djava.import.generatesMetadataFilesAtProjectRoot=false -DDetectVMInstallationsJob.disabled=true -Dfile.encoding=utf8 -XX:+UseParallelGC -XX:GCTimeRatio=4 -XX:AdaptiveSizePolicyWeight=90 -Dsun.zip.disableMemoryMapping=true -Xmx2G -Xms100m -Xlog:disable -javaagent:c:\Users\Chamii\.vscode\extensions\redhat.java-1.44.0-win32-x64\lombok\lombok-1.18.39-4050.jar -XX:+HeapDumpOnOutOfMemoryError -XX:HeapDumpPath=c:\Users\Chamii\AppData\Roaming\Code\User\workspaceStorage\e7d1a28d9fdafae999733c8c9011fd22\redhat.java -Daether.dependencyCollector.impl=bf c:\Users\Chamii\.vscode\extensions\redhat.java-1.44.0-win32-x64\server\plugins\org.eclipse.equinox.launcher_1.7.0.v20250519-0528.jar -configuration c:\Users\Chamii\AppData\Roaming\Code\User\globalStorage\redhat.java\1.44.0\config_win -data c:\Users\Chamii\AppData\Roaming\Code\User\workspaceStorage\e7d1a28d9fdafae999733c8c9011fd22\redhat.java\jdt_ws --pipe=\\.\pipe\lsp-e7b59a4e75dcd3aba2031386ff3a030e-sock

Host: Intel(R) Core(TM) i5-8250U CPU @ 1.60GHz, 8 cores, 15G,  Windows 10 , 64 bit Build 19041 (10.0.19041.1706)
Time: Wed Aug 13 21:44:09 2025 Sri Lanka Standard Time elapsed time: 638.598127 seconds (0d 0h 10m 38s)

---------------  T H R E A D  ---------------

Current thread (0x0000020378529210):  JavaThread "Worker-19: Periodic workspace save."        [_thread_in_Java, id=7976, stack(0x000000a30a200000,0x000000a30a300000) (1024K)]

Stack: [0x000000a30a200000,0x000000a30a300000],  sp=0x000000a30a2fea88,  free space=1018k
Native frames: (J=compiled Java code, j=interpreted, Vv=VM code, C=native code)
C  0x0000020321c2c285

The last pc belongs to nofast_getfield (printed below).

siginfo: EXCEPTION_ACCESS_VIOLATION (0xc0000005), reading address 0xffffffffffffffff


Registers:
RAX=0x0000000000000008, RBX=0x0004000000000014, RCX=0x000002032e2fe568, RDX=0x0000000000000070
RSP=0x000000a30a2fea88, RBP=0x000000a30a2fead0, RSI=0x0000000000000000, RDI=0x00000000d5a77190
R8 =0x000002032e300528, R9 =0x00000000d5a770d8, R10=0x00007ffbc7379430, R11=0x00000203221cec40
R12=0x0000000000000000, R13=0x000002032e9b7a51, R14=0x000000a30a2feaf0, R15=0x0000020378529210
RIP=0x0000020321c2c285, EFLAGS=0x0000000000010246

XMM[0]=0x000000a30a2fec00 0x00002a0000000000
XMM[1]=0x0000000000000000 0x000000a30a2febb0
XMM[2]=0x000000a30a2fd8b0 0x00000000ffffffff
XMM[3]=0x00007ffb0000000b 0x000002031abed3b0
XMM[4]=0x0000000000000000 0x000000a30a2fd8b0
XMM[5]=0x0000020378529210 0x000002031abf9f01
XMM[6]=0x0000000000000000 0x0a163ef26c9d5dfb
XMM[7]=0x0000000000000000 0xe890d36c3b68cd3d
XMM[8]=0x0000000000000000 0x4022aee2fbd6b3fb
XMM[9]=0x0000000000000000 0x2439ab18b379989a
XMM[10]=0x0000000000000000 0x000000008f3fed82
XMM[11]=0x0000000000000000 0x09624307bcdbdba1
XMM[12]=0x0000000000000000 0x00000000b379989a
XMM[13]=0x0000000000000000 0x0405060700010203
XMM[14]=0x0000000000000000 0x0000000000000002
XMM[15]=0x0000000000000000 0x00000000d572ab18
  MXCSR=0x00001fa0


Register to memory mapping:

RAX=0x0000000000000008 is an unknown value
RBX=0x0004000000000014 is an unknown value
RCX=0x000002032e2fe568 is pointing into metadata
RDX=0x0000000000000070 is an unknown value
RSP=0x000000a30a2fea88 is pointing into the stack for thread: 0x0000020378529210
RBP=0x000000a30a2fead0 is pointing into the stack for thread: 0x0000020378529210
RSI=0x0 is null
RDI=0x00000000d5a77190 is an oop: java.util.ServiceLoader$LazyClassPathLookupIterator 
{0x00000000d5a77190} - klass: 'java/util/ServiceLoader$LazyClassPathLookupIterator'
 - ---- fields (total size 5 words):
 - 'providerNames' 'Ljava/util/Set;' @12  a 'java/util/HashSet'{0x00000000d5a771b8} (0xd5a771b8)
 - 'configs' 'Ljava/util/Enumeration;' @16  null (0x00000000)
 - 'pending' 'Ljava/util/Iterator;' @20  null (0x00000000)
 - 'nextProvider' 'Ljava/util/ServiceLoader$Provider;' @24  null (0x00000000)
 - 'nextError' 'Ljava/util/ServiceConfigurationError;' @28  null (0x00000000)
 - final synthetic 'this$0' 'Ljava/util/ServiceLoader;' @32  a 'java/util/ServiceLoader'{0x00000000d5a77070} (0xd5a77070)
R8 =0x000002032e300528 is a pointer to class: 
java.util.ServiceLoader$3 {0x000002032e300530}
 - instance size:     3
 - klass size:        76
 - access:            synchronized 
 - flags:             rewritten has_nonstatic_fields has_nonstatic_concrete_methods is_shared_boot_class has_miranda_methods 
 - state:             fully_initialized
 - name:              'java/util/ServiceLoader$3'
 - super:             'java/lang/Object'
 - sub:               
 - arrays:            null
 - methods:           Array<T>(0x000002032e9b9c78)
 - method ordering:   Array<T>(0x000002032e9b9d68)
 - default_methods:   Array<T>(0x000002032e9b9d50)
 - default vtable indices:   Array<T>(0x000002032e9b9d80)
 - local interfaces:  Array<T>(0x000002032e9b9818)
 - trans. interfaces: Array<T>(0x000002032e9b9818)
 - secondary supers: Array<T>(0x000002032e9b9818)
 - hash_slot:         19
 - bitmap:            0x0000000002000000
 - constants:         constant pool [90] {0x000002032e9b9890} for 'java/util/ServiceLoader$3' cache=0x000002032e300848
 - class loader data:  loader data: 0x00000203174ff880 of 'bootstrap'
 - generic signature: 'Ljava/lang/Object;Ljava/util/Iterator<TS;>;'
 - inner classes:     Array<T>(0x000002032e9b9c58)
 - nest members:     Array<T>(0x000002032e6115b8)
 - permitted subclasses:     Array<T>(0x000002032e6115b8)
 - java mirror:       a 'java/lang/Class'{0x000000008036cf78} = 'java/util/ServiceLoader$3'
 - vtable length      9  (start addr: 0x000002032e3006f8)
 - itable length      8 (start addr: 0x000002032e300740)
 - ---- static fields (0 words):
 - ---- non-static fields (3 words):
 - final 'expectedReloadCount' 'I' @12 
 - 'index' 'I' @16 
 - final synthetic 'this$0' 'Ljava/util/ServiceLoader;' @20 
 - non-static oop maps: 20-20 
R9 =0x00000000d5a770d8 is an oop: java.util.ServiceLoader$ModuleServicesLookupIterator 
{0x00000000d5a770d8} - klass: 'java/util/ServiceLoader$ModuleServicesLookupIterator'
 - ---- fields (total size 4 words):
 - 'currentLoader' 'Ljava/lang/ClassLoader;' @12  a 'org/eclipse/osgi/internal/framework/ContextFinder'{0x00000000807a37e0} (0x807a37e0)
 - 'iterator' 'Ljava/util/Iterator;' @16  a 'java/util/ArrayList$Itr'{0x00000000d5a77170} (0xd5a77170)
 - 'nextProvider' 'Ljava/util/ServiceLoader$Provider;' @20  null (0x00000000)
 - 'nextError' 'Ljava/util/ServiceConfigurationError;' @24  null (0x00000000)
 - final synthetic 'this$0' 'Ljava/util/ServiceLoader;' @28  a 'java/util/ServiceLoader'{0x00000000d5a77070} (0xd5a77070)
R10=0x00007ffbc7379430 jvm.dll
R11=0x00000203221cec40 is at entry_point+32 in (nmethod*)0x00000203221cea90
Compiled method (c1) 638619  388       1       java.util.ArrayList::size (5 bytes)
 total in heap  [0x00000203221cea90,0x00000203221ced20] = 656
 relocation     [0x00000203221cebf0,0x00000203221cec18] = 40
 main code      [0x00000203221cec20,0x00000203221cecb0] = 144
 stub code      [0x00000203221cecb0,0x00000203221cece8] = 56
 metadata       [0x00000203221cece8,0x00000203221cecf0] = 8
 scopes data    [0x00000203221cecf0,0x00000203221cecf8] = 8
 scopes pcs     [0x00000203221cecf8,0x00000203221ced18] = 32
 dependencies   [0x00000203221ced18,0x00000203221ced20] = 8
R12=0x0 is null
R13=0x000002032e9b7a51 is pointing into metadata
R14=0x000000a30a2feaf0 is pointing into the stack for thread: 0x0000020378529210
R15=0x0000020378529210 is a thread

Top of Stack: (sp=0x000000a30a2fea88)
0x000000a30a2fea88:   000000a30a2fea88 000002032e9b7a50
0x000000a30a2fea98:   0000000000000004 000002032e2fe568
0x000000a30a2feaa8:   0000000000000000 000000008036cce0
0x000000a30a2feab8:   000002032e2fec28 0000000000000000
0x000000a30a2feac8:   000000a30a2feaf0 000000a30a2feb40
0x000000a30a2fead8:   0000020321c18b2e 0000000000000000
0x000000a30a2feae8:   0000000000000000 00000000d5a770d8
0x000000a30a2feaf8:   000000a30a2feaf8 000002032e9b9414
0x000000a30a2feb08:   0000000000000002 000002032e3002b8
0x000000a30a2feb18:   0000000000000000 000000008036cf08
0x000000a30a2feb28:   000002032e300218 000000a30a2feaf0
0x000000a30a2feb38:   000000a30a2feb50 000000a30a2feba0
0x000000a30a2feb48:   0000020321c18b2e 00000000d5a771f8
0x000000a30a2feb58:   000000a30a2feb58 000002032e9b9880
0x000000a30a2feb68:   0000000000000002 000002032e300848
0x000000a30a2feb78:   0000000000000000 000000008036cf78
0x000000a30a2feb88:   000002032e300788 000000a30a2feb50
0x000000a30a2feb98:   000000a30a2febb0 000000a30a2fec00
0x000000a30a2feba8:   0000020321c18b2e 00000000d5a77210
0x000000a30a2febb8:   000000a30a2febb8 0000020372d0ab76
0x000000a30a2febc8:   0000000000000004 0000020372d0ac38
0x000000a30a2febd8:   0000000000000000 0000000080fed068
0x000000a30a2febe8:   0000020372d0ab90 000000a30a2febb0
0x000000a30a2febf8:   000000a30a2fec30 000000a30a2fecf8
0x000000a30a2fec08:   000002031abed1d4 00000000d5a77210
0x000000a30a2fec18:   00000000d5a77070 00000000d5a77060
0x000000a30a2fec28:   000002031abed1d4 0000020321c18560
0x000000a30a2fec38:   00000000d5a77060 000000a30a2fec40
0x000000a30a2fec48:   0000020372d0aace 0000000000000003
0x000000a30a2fec58:   0000020372d0ac38 0000000000000000
0x000000a30a2fec68:   0000000080fed068 00000000d5a77060
0x000000a30a2fec78:   0000000080fecee0 000000a30a2fec98 

Instructions: (pc=0x0000020321c2c285)
0x0000020321c2c185:   b4 00 00 00 0f 84 b4 00 00 00 bb b4 00 00 00 e8
0x0000020321c2c195:   05 00 00 00 e9 99 00 00 00 48 8b d3 48 8d 44 24
0x0000020321c2c1a5:   08 4c 89 6d c0 49 8b cf c5 f8 77 49 89 af a8 03
0x0000020321c2c1b5:   00 00 49 89 87 98 03 00 00 48 83 ec 20 40 f6 c4
0x0000020321c2c1c5:   0f 0f 84 19 00 00 00 48 83 ec 08 48 b8 30 a5 a8
0x0000020321c2c1d5:   c6 fb 7f 00 00 ff d0 48 83 c4 08 e9 0c 00 00 00
0x0000020321c2c1e5:   48 b8 30 a5 a8 c6 fb 7f 00 00 ff d0 48 83 c4 20
0x0000020321c2c1f5:   49 c7 87 98 03 00 00 00 00 00 00 49 c7 87 a8 03
0x0000020321c2c205:   00 00 00 00 00 00 49 c7 87 a0 03 00 00 00 00 00
0x0000020321c2c215:   00 c5 f8 77 49 83 7f 08 00 0f 84 05 00 00 00 e9
0x0000020321c2c225:   d7 4c fe ff 4c 8b 6d c0 4c 8b 75 c8 4e 8d 74 f5
0x0000020321c2c235:   00 c3 41 0f b7 55 01 48 8b 4d d0 c1 e2 02 48 8b
0x0000020321c2c245:   5c d1 48 8b 44 d1 50 41 59 49 3b 01 c1 e8 1c 83
0x0000020321c2c255:   e0 0f 0f 85 0b 00 00 00 41 0f be 04 19 50 e9 b1
0x0000020321c2c265:   00 00 00 83 f8 01 0f 85 0b 00 00 00 41 0f b6 04
0x0000020321c2c275:   19 50 e9 9d 00 00 00 83 f8 08 0f 85 0a 00 00 00
0x0000020321c2c285:   41 8b 04 19 50 e9 8a 00 00 00 83 f8 04 0f 85 0a
0x0000020321c2c295:   00 00 00 41 8b 04 19 50 e9 77 00 00 00 83 f8 02
0x0000020321c2c2a5:   0f 85 0b 00 00 00 41 0f b7 04 19 50 e9 63 00 00
0x0000020321c2c2b5:   00 83 f8 03 0f 85 0b 00 00 00 41 0f bf 04 19 50
0x0000020321c2c2c5:   e9 4f 00 00 00 83 f8 05 0f 85 1a 00 00 00 49 8b
0x0000020321c2c2d5:   04 19 48 83 ec 10 48 89 04 24 48 c7 44 24 08 00
0x0000020321c2c2e5:   00 00 00 e9 2c 00 00 00 83 f8 06 0f 85 14 00 00
0x0000020321c2c2f5:   00 c4 c1 7a 10 04 19 48 83 ec 08 c5 fa 11 04 24
0x0000020321c2c305:   e9 0f 00 00 00 c4 c1 7b 10 04 19 48 83 ec 10 c5
0x0000020321c2c315:   fb 11 04 24 41 0f b6 5d 03 49 83 c5 03 49 ba 30
0x0000020321c2c325:   9c 37 c7 fb 7f 00 00 41 ff 24 da b8 25 0a c7 fb
0x0000020321c2c335:   7f 00 00 68 03 00 00 eb 00 00 00 48 83 ec 08 c5
0x0000020321c2c345:   fa 11 04 24 eb 1f 48 83 ec 10 c5 fb 11 04 24 eb
0x0000020321c2c355:   14 48 83 ec 10 48 89 04 24 48 c7 44 24 08 00 00
0x0000020321c2c365:   00 00 eb 01 50 41 0f b7 55 01 48 8b 4d d0 c1 e2
0x0000020321c2c375:   02 8b 5c d1 38 c1 eb 18 81 e3 ff 00 00 00 81 fb 


Stack slot to memory mapping:

stack at sp + 0 slots: 0x000000a30a2fea88 is pointing into the stack for thread: 0x0000020378529210
stack at sp + 1 slots: 0x000002032e9b7a50 is pointing into metadata
stack at sp + 2 slots: 0x0000000000000004 is an unknown value
stack at sp + 3 slots: 0x000002032e2fe568 is pointing into metadata
stack at sp + 4 slots: 0x0 is null
stack at sp + 5 slots: 0x000000008036cce0 is an oop: java.lang.Class 
{0x000000008036cce0} - klass: 'java/lang/Class'
 - ---- fields (total size 15 words):
 - private volatile transient 'classRedefinedCount' 'I' @12  0 (0x00000000)
 - injected 'klass' 'J' @16  2212683047448 (0x000002032e2fe218)
 - injected 'array_klass' 'J' @24  0 (0x0000000000000000)
 - injected 'oop_size' 'I' @32  15 (0x0000000f)
 - injected 'static_oop_field_count' 'I' @36  0 (0x00000000)
 - private volatile transient 'cachedConstructor' 'Ljava/lang/reflect/Constructor;' @40  null (0x00000000)
 - private transient 'name' 'Ljava/lang/String;' @44  null (0x00000000)
 - private transient 'module' 'Ljava/lang/Module;' @48  a 'java/lang/Module'{0x00000000807a9348} (0x807a9348)
 - private final 'classLoader' 'Ljava/lang/ClassLoader;' @52  null (0x00000000)
 - private transient 'classData' 'Ljava/lang/Object;' @56  null (0x00000000)
 - private transient 'packageName' 'Ljava/lang/String;' @60  null (0x00000000)
 - private final 'componentType' 'Ljava/lang/Class;' @64  null (0x00000000)
 - private volatile transient 'reflectionData' 'Ljava/lang/ref/SoftReference;' @68  null (0x00000000)
 - private volatile transient 'genericInfo' 'Lsun/reflect/generics/repository/ClassRepository;' @72  null (0x00000000)
 - private volatile transient 'enumConstants' '[Ljava/lang/Object;' @76  null (0x00000000)
 - private volatile transient 'enumConstantDirectory' 'Ljava/util/Map;' @80  null (0x00000000)
 - private volatile transient 'annotationData' 'Ljava/lang/Class$AnnotationData;' @84  null (0x00000000)
 - private volatile transient 'annotationType' 'Lsun/reflect/annotation/AnnotationType;' @88  null (0x00000000)
 - transient 'classValueMap' 'Ljava/lang/ClassValue$ClassValueMap;' @92  null (0x00000000)
 - injected 'protection_domain' 'Ljava/lang/Object;' @96  null (0x00000000)
 - injected 'signers_name' 'Ljava/lang/Object;' @100  null (0x00000000)
 - injected 'source_file' 'Ljava/lang/Object;' @104  null (0x00000000)
 - injected '<init_lock>' 'Ljava/lang/Object;' @108  null (0x00000000)
 - signature: Ljava/util/ServiceLoader$ModuleServicesLookupIterator;
 - ---- static fields (0):
 - static final synthetic '$assertionsDisabled' 'Z' @112  true (0x01)
stack at sp + 6 slots: {method} {0x000002032e2fec30} 'hasNext' '()Z' in 'java/util/ServiceLoader$ModuleServicesLookupIterator'
stack at sp + 7 slots: 0x0 is null

nofast_getfield  234 nofast_getfield  [0x0000020321c2c140, 0x0000020321c2c330]  496 bytes
[MachCode]
  0x0000020321c2c140: 4883 ec08 | c5fa 1104 | 24eb 1f48 | 83ec 10c5 | fb11 0424 | eb14 4883 | ec10 4889 | 0424 48c7 
  0x0000020321c2c160: 4424 0800 | 0000 00eb | 0150 410f | b755 0148 | 8b4d d0c1 | e202 8b5c | d138 c1eb | 1081 e3ff 
  0x0000020321c2c180: 0000 0081 | fbb4 0000 | 000f 84b4 | 0000 00bb | b400 0000 | e805 0000 | 00e9 9900 | 0000 488b 
  0x0000020321c2c1a0: d348 8d44 | 2408 4c89 | 6dc0 498b | cfc5 f877 | 4989 afa8 | 0300 0049 | 8987 9803 | 0000 4883 
  0x0000020321c2c1c0: ec20 40f6 | c40f 0f84 | 1900 0000 | 4883 ec08 | 48b8 30a5 | a8c6 fb7f | 0000 ffd0 | 4883 c408 
  0x0000020321c2c1e0: e90c 0000 | 0048 b830 | a5a8 c6fb | 7f00 00ff | d048 83c4 | 2049 c787 | 9803 0000 | 0000 0000 
  0x0000020321c2c200: 49c7 87a8 | 0300 0000 | 0000 0049 | c787 a003 | 0000 0000 | 0000 c5f8 | 7749 837f | 0800 0f84 
  0x0000020321c2c220: 0500 0000 | e9d7 4cfe | ff4c 8b6d | c04c 8b75 | c84e 8d74 | f500 c341 | 0fb7 5501 | 488b 4dd0 
  0x0000020321c2c240: c1e2 0248 | 8b5c d148 | 8b44 d150 | 4159 493b | 01c1 e81c | 83e0 0f0f | 850b 0000 | 0041 0fbe 
  0x0000020321c2c260: 0419 50e9 | b100 0000 | 83f8 010f | 850b 0000 | 0041 0fb6 | 0419 50e9 | 9d00 0000 | 83f8 080f 
  0x0000020321c2c280: 850a 0000 | 0041 8b04 | 1950 e98a | 0000 0083 | f804 0f85 | 0a00 0000 | 418b 0419 | 50e9 7700 
  0x0000020321c2c2a0: 0000 83f8 | 020f 850b | 0000 0041 | 0fb7 0419 | 50e9 6300 | 0000 83f8 | 030f 850b | 0000 0041 
  0x0000020321c2c2c0: 0fbf 0419 | 50e9 4f00 | 0000 83f8 | 050f 851a | 0000 0049 | 8b04 1948 | 83ec 1048 | 8904 2448 
  0x0000020321c2c2e0: c744 2408 | 0000 0000 | e92c 0000 | 0083 f806 | 0f85 1400 | 0000 c4c1 | 7a10 0419 | 4883 ec08 
  0x0000020321c2c300: c5fa 1104 | 24e9 0f00 | 0000 c4c1 | 7b10 0419 | 4883 ec10 | c5fb 1104 | 2441 0fb6 | 5d03 4983 
  0x0000020321c2c320: c503 49ba | 309c 37c7 | fb7f 0000 | 41ff 24da 
[/MachCode]

---------------  P R O C E S S  ---------------

Threads class SMR info:
_java_thread_list=0x000002037869d670, length=48, elements={
0x00000203174d89e0, 0x0000020317445990, 0x0000020317447040, 0x000002031744a700,
0x000002031744b610, 0x000002031744f2e0, 0x00000203174504d0, 0x00000203174515b0,
0x0000020317456f90, 0x0000020370817ac0, 0x0000020370b4cdc0, 0x00000203757ebe00,
0x0000020370b51430, 0x00000203754bb3a0, 0x00000203751d7da0, 0x0000020370ae78f0,
0x0000020370ae5eb0, 0x0000020370ae6540, 0x0000020370ae7f80, 0x0000020376578f00,
0x00000203765739b0, 0x0000020376579590, 0x0000020376578870, 0x0000020376572c90,
0x0000020376577b50, 0x00000203765774c0, 0x00000203765781e0, 0x000002037657a2b0,
0x00000203765753f0, 0x00000203765746d0, 0x0000020376575a80, 0x0000020376576e30,
0x000002037852cd20, 0x000002037852d3b0, 0x000002037852da40, 0x000002037852e760,
0x000002037852b2e0, 0x000002037852e0d0, 0x00000203767fae20, 0x0000020377502760,
0x00000203775013b0, 0x0000020377502df0, 0x0000020377500d20, 0x000002037ce18670,
0x000002037852edf0, 0x000002037852f480, 0x0000020378529210, 0x00000203785284f0
}

Java Threads: ( => current thread )
  0x00000203174d89e0 JavaThread "main"                              [_thread_blocked, id=12972, stack(0x000000a308200000,0x000000a308300000) (1024K)]
  0x0000020317445990 JavaThread "Reference Handler"          daemon [_thread_blocked, id=14248, stack(0x000000a308600000,0x000000a308700000) (1024K)]
  0x0000020317447040 JavaThread "Finalizer"                  daemon [_thread_blocked, id=14216, stack(0x000000a308700000,0x000000a308800000) (1024K)]
  0x000002031744a700 JavaThread "Signal Dispatcher"          daemon [_thread_blocked, id=6104, stack(0x000000a308800000,0x000000a308900000) (1024K)]
  0x000002031744b610 JavaThread "Attach Listener"            daemon [_thread_blocked, id=3144, stack(0x000000a308900000,0x000000a308a00000) (1024K)]
  0x000002031744f2e0 JavaThread "Service Thread"             daemon [_thread_blocked, id=12240, stack(0x000000a308a00000,0x000000a308b00000) (1024K)]
  0x00000203174504d0 JavaThread "Monitor Deflation Thread"   daemon [_thread_blocked, id=14232, stack(0x000000a308b00000,0x000000a308c00000) (1024K)]
  0x00000203174515b0 JavaThread "C2 CompilerThread0"         daemon [_thread_blocked, id=3504, stack(0x000000a308c00000,0x000000a308d00000) (1024K)]
  0x0000020317456f90 JavaThread "C1 CompilerThread0"         daemon [_thread_blocked, id=14284, stack(0x000000a308d00000,0x000000a308e00000) (1024K)]
  0x0000020370817ac0 JavaThread "Common-Cleaner"             daemon [_thread_blocked, id=10648, stack(0x000000a308e00000,0x000000a308f00000) (1024K)]
  0x0000020370b4cdc0 JavaThread "Notification Thread"        daemon [_thread_blocked, id=13416, stack(0x000000a308f00000,0x000000a309000000) (1024K)]
  0x00000203757ebe00 JavaThread "Active Thread: Equinox Container: 01418de2-2ebb-44b9-964a-e012018ad095"        [_thread_blocked, id=10684, stack(0x000000a309800000,0x000000a309900000) (1024K)]
  0x0000020370b51430 JavaThread "Refresh Thread: Equinox Container: 01418de2-2ebb-44b9-964a-e012018ad095" daemon [_thread_blocked, id=7112, stack(0x000000a309100000,0x000000a309200000) (1024K)]
  0x00000203754bb3a0 JavaThread "Framework Event Dispatcher: Equinox Container: 01418de2-2ebb-44b9-964a-e012018ad095" daemon [_thread_blocked, id=14120, stack(0x000000a309900000,0x000000a309a00000) (1024K)]
  0x00000203751d7da0 JavaThread "Start Level: Equinox Container: 01418de2-2ebb-44b9-964a-e012018ad095" daemon [_thread_blocked, id=12464, stack(0x000000a309a00000,0x000000a309b00000) (1024K)]
  0x0000020370ae78f0 JavaThread "Bundle File Closer"         daemon [_thread_blocked, id=14988, stack(0x000000a309b00000,0x000000a309c00000) (1024K)]
  0x0000020370ae5eb0 JavaThread "SCR Component Actor"        daemon [_thread_blocked, id=14976, stack(0x000000a309d00000,0x000000a309e00000) (1024K)]
  0x0000020370ae6540 JavaThread "Worker-JM"                         [_thread_blocked, id=14244, stack(0x000000a30a000000,0x000000a30a100000) (1024K)]
  0x0000020370ae7f80 JavaThread "JNA Cleaner"                daemon [_thread_blocked, id=14720, stack(0x000000a30a100000,0x000000a30a200000) (1024K)]
  0x0000020376578f00 JavaThread "Java indexing"              daemon [_thread_blocked, id=9820, stack(0x000000a30a600000,0x000000a30a700000) (1024K)]
  0x00000203765739b0 JavaThread "Thread-2"                   daemon [_thread_in_native, id=15300, stack(0x000000a30ab00000,0x000000a30ac00000) (1024K)]
  0x0000020376579590 JavaThread "Thread-3"                   daemon [_thread_in_native, id=10840, stack(0x000000a30ac00000,0x000000a30ad00000) (1024K)]
  0x0000020376578870 JavaThread "Thread-4"                   daemon [_thread_in_native, id=10808, stack(0x000000a30ad00000,0x000000a30ae00000) (1024K)]
  0x0000020376572c90 JavaThread "Thread-5"                   daemon [_thread_in_native, id=13772, stack(0x000000a30ae00000,0x000000a30af00000) (1024K)]
  0x0000020376577b50 JavaThread "Thread-6"                   daemon [_thread_in_native, id=10832, stack(0x000000a30af00000,0x000000a30b000000) (1024K)]
  0x00000203765774c0 JavaThread "Thread-7"                   daemon [_thread_in_native, id=10844, stack(0x000000a30b000000,0x000000a30b100000) (1024K)]
  0x00000203765781e0 JavaThread "Thread-8"                   daemon [_thread_in_native, id=10824, stack(0x000000a30b100000,0x000000a30b200000) (1024K)]
  0x000002037657a2b0 JavaThread "Thread-9"                   daemon [_thread_in_native, id=10828, stack(0x000000a30b200000,0x000000a30b300000) (1024K)]
  0x00000203765753f0 JavaThread "Thread-10"                  daemon [_thread_in_native, id=11052, stack(0x000000a30b300000,0x000000a30b400000) (1024K)]
  0x00000203765746d0 JavaThread "pool-2-thread-1"                   [_thread_blocked, id=10804, stack(0x000000a30b400000,0x000000a30b500000) (1024K)]
  0x0000020376575a80 JavaThread "WorkspaceEventsHandler"            [_thread_blocked, id=11104, stack(0x000000a30b500000,0x000000a30b600000) (1024K)]
  0x0000020376576e30 JavaThread "pool-1-thread-1"                   [_thread_blocked, id=11096, stack(0x000000a30b600000,0x000000a30b700000) (1024K)]
  0x000002037852cd20 JavaThread "Compiler Source File Reader" daemon [_thread_blocked, id=8300, stack(0x000000a309f00000,0x000000a30a000000) (1024K)]
  0x000002037852d3b0 JavaThread "Compiler Source File Reader" daemon [_thread_blocked, id=4380, stack(0x000000a30c000000,0x000000a30c100000) (1024K)]
  0x000002037852da40 JavaThread "Compiler Source File Reader" daemon [_thread_blocked, id=14152, stack(0x000000a30c100000,0x000000a30c200000) (1024K)]
  0x000002037852e760 JavaThread "Compiler Source File Reader" daemon [_thread_blocked, id=10884, stack(0x000000a30c200000,0x000000a30c300000) (1024K)]
  0x000002037852b2e0 JavaThread "Compiler Source File Reader" daemon [_thread_blocked, id=10864, stack(0x000000a30c300000,0x000000a30c400000) (1024K)]
  0x000002037852e0d0 JavaThread "Compiler Source File Reader" daemon [_thread_blocked, id=8788, stack(0x000000a30c400000,0x000000a30c500000) (1024K)]
  0x00000203767fae20 JavaThread "ForkJoinPool.commonPool-worker-1" daemon [_thread_blocked, id=14700, stack(0x000000a30cd00000,0x000000a30ce00000) (1024K)]
  0x0000020377502760 JavaThread "ForkJoinPool.commonPool-worker-2" daemon [_thread_blocked, id=14264, stack(0x000000a30ce00000,0x000000a30cf00000) (1024K)]
  0x00000203775013b0 JavaThread "ForkJoinPool.commonPool-worker-3" daemon [_thread_blocked, id=15040, stack(0x000000a30cf00000,0x000000a30d000000) (1024K)]
  0x0000020377502df0 JavaThread "ForkJoinPool.commonPool-worker-4" daemon [_thread_blocked, id=15272, stack(0x000000a30d000000,0x000000a30d100000) (1024K)]
  0x0000020377500d20 JavaThread "ForkJoinPool.commonPool-worker-5" daemon [_thread_blocked, id=2456, stack(0x000000a30d200000,0x000000a30d300000) (1024K)]
  0x000002037ce18670 JavaThread "Cleaner-0"                  daemon [_thread_blocked, id=14532, stack(0x000000a30d500000,0x000000a30d600000) (1024K)]
  0x000002037852edf0 JavaThread "ForkJoinPool.commonPool-worker-8" daemon [_thread_blocked, id=15168, stack(0x000000a308000000,0x000000a308100000) (1024K)]
  0x000002037852f480 JavaThread "ForkJoinPool.commonPool-worker-9" daemon [_thread_blocked, id=7296, stack(0x000000a308100000,0x000000a308200000) (1024K)]
=>0x0000020378529210 JavaThread "Worker-19: Periodic workspace save."        [_thread_in_Java, id=7976, stack(0x000000a30a200000,0x000000a30a300000) (1024K)]
  0x00000203785284f0 JavaThread "Worker-20"                         [_thread_blocked, id=14640, stack(0x000000a30a700000,0x000000a30a800000) (1024K)]
Total: 48

Other Threads:
  0x000002031518ea20 VMThread "VM Thread"                           [id=1520, stack(0x000000a308500000,0x000000a308600000) (1024K)]
  0x0000020317321c40 WatcherThread "VM Periodic Task Thread"        [id=5192, stack(0x000000a308400000,0x000000a308500000) (1024K)]
  0x00000203174f9910 WorkerThread "GC Thread#0"                     [id=1612, stack(0x000000a308300000,0x000000a308400000) (1024K)]
  0x000002037550d9a0 WorkerThread "GC Thread#1"                     [id=10460, stack(0x000000a309200000,0x000000a309300000) (1024K)]
  0x000002037587f1e0 WorkerThread "GC Thread#2"                     [id=13960, stack(0x000000a309300000,0x000000a309400000) (1024K)]
  0x000002037587f580 WorkerThread "GC Thread#3"                     [id=2580, stack(0x000000a309400000,0x000000a309500000) (1024K)]
  0x000002037587f920 WorkerThread "GC Thread#4"                     [id=13592, stack(0x000000a309500000,0x000000a309600000) (1024K)]
  0x000002037587fcc0 WorkerThread "GC Thread#5"                     [id=13848, stack(0x000000a309600000,0x000000a309700000) (1024K)]
  0x0000020375880870 WorkerThread "GC Thread#6"                     [id=10464, stack(0x000000a309700000,0x000000a309800000) (1024K)]
  0x0000020317457e10 WorkerThread "GC Thread#7"                     [id=7108, stack(0x000000a309000000,0x000000a309100000) (1024K)]
Total: 10

Threads with active compile tasks:
Total: 0

VM state: not at safepoint (normal execution)

VM Mutex/Monitor currently owned by a thread: None

Heap address: 0x0000000080000000, size: 2048 MB, Compressed Oops mode: 32-bit

CDS archive(s) mapped at: [0x000002032e000000-0x000002032eba0000-0x000002032eba0000), size 12189696, SharedBaseAddress: 0x000002032e000000, ArchiveRelocationMode: 1.
Compressed class space mapped at: 0x000002032f000000-0x000002036f000000, reserved size: 1073741824
Narrow klass base: 0x000002032e000000, Narrow klass shift: 0, Narrow klass range: 0x100000000

GC Precious Log:
 CardTable entry size: 512
 CPUs: 8 total, 8 available
 Memory: 16249M
 Large Page Support: Disabled
 NUMA Support: Disabled
 Compressed Oops: Enabled (32-bit)
 Alignments: Space 512K, Generation 512K, Heap 2M
 Heap Min Capacity: 100M
 Heap Initial Capacity: 100M
 Heap Max Capacity: 2G
 Pre-touch: Disabled
 Parallel Workers: 8

Heap:
 PSYoungGen      total 10752K, used 9736K [0x00000000d5580000, 0x00000000d6580000, 0x0000000100000000)
  eden space 5632K, 90% used [0x00000000d5580000,0x00000000d5a7a978,0x00000000d5b00000)
  from space 5120K, 90% used [0x00000000d6080000,0x00000000d65077d8,0x00000000d6580000)
  to   space 5120K, 0% used [0x00000000d5b80000,0x00000000d5b80000,0x00000000d6080000)
 ParOldGen       total 369152K, used 368541K [0x0000000080000000, 0x0000000096880000, 0x00000000d5580000)
  object space 369152K, 99% used [0x0000000080000000,0x00000000967e77c0,0x0000000096880000)
 Metaspace       used 83933K, committed 85824K, reserved 1179648K
  class space    used 8293K, committed 9152K, reserved 1048576K

Card table byte_map: [0x0000020316e90000,0x00000203172a0000] _byte_map_base: 0x0000020316a90000

Marking Bits: (ParMarkBitMap*) 0x00007ffbc736a340
 Begin Bits: [0x0000020329990000, 0x000002032b990000)
 End Bits:   [0x000002032b990000, 0x000002032d990000)

Polling page: 0x0000020315330000

Metaspace:

Usage:
  Non-class:     73.87 MB used.
      Class:      8.10 MB used.
       Both:     81.97 MB used.

Virtual space:
  Non-class space:      128.00 MB reserved,      74.88 MB ( 58%) committed,  2 nodes.
      Class space:        1.00 GB reserved,       8.94 MB ( <1%) committed,  1 nodes.
             Both:        1.12 GB reserved,      83.81 MB (  7%) committed. 

Chunk freelists:
   Non-Class:  4.41 MB
       Class:  7.11 MB
        Both:  11.52 MB

MaxMetaspaceSize: unlimited
CompressedClassSpaceSize: 1.00 GB
Initial GC threshold: 21.00 MB
Current GC threshold: 139.69 MB
CDS: on
 - commit_granule_bytes: 65536.
 - commit_granule_words: 8192.
 - virtual_space_node_default_size: 8388608.
 - enlarge_chunks_in_place: 1.
 - use_allocation_guard: 0.


Internal statistics:

num_allocs_failed_limit: 9.
num_arena_births: 1752.
num_arena_deaths: 18.
num_vsnodes_births: 3.
num_vsnodes_deaths: 0.
num_space_committed: 1341.
num_space_uncommitted: 0.
num_chunks_returned_to_freelist: 28.
num_chunks_taken_from_freelist: 5976.
num_chunk_merges: 7.
num_chunk_splits: 3586.
num_chunks_enlarged: 1993.
num_inconsistent_stats: 0.

CodeHeap 'non-profiled nmethods': size=120000Kb used=17329Kb max_used=25012Kb free=102670Kb
 bounds [0x00000203221b0000, 0x0000020323a20000, 0x00000203296e0000]
CodeHeap 'profiled nmethods': size=120000Kb used=33691Kb max_used=50710Kb free=86308Kb
 bounds [0x000002031a6e0000, 0x000002031d870000, 0x0000020321c10000]
CodeHeap 'non-nmethods': size=5760Kb used=1488Kb max_used=1590Kb free=4271Kb
 bounds [0x0000020321c10000, 0x0000020321e80000, 0x00000203221b0000]
CodeCache: size=245760Kb, used=52508Kb, max_used=77312Kb, free=193249Kb
 total_blobs=16290, nmethods=15481, adapters=711, full_count=0
Compilation: enabled, stopped_count=0, restarted_count=0

Compilation events (20 events):
Event: 570.811 Thread 0x00000203174515b0 nmethod 23879 0x0000020322215b10 code [0x0000020322215cc0, 0x0000020322216020]
Event: 570.855 Thread 0x0000020317456f90 23880       1       org.eclipse.jdt.internal.compiler.lookup.RawTypeBinding::isParameterizedType (2 bytes)
Event: 570.855 Thread 0x0000020317456f90 nmethod 23880 0x00000203221c8090 code [0x00000203221c8220, 0x00000203221c82e8]
Event: 571.926 Thread 0x0000020317456f90 23881       3       org.eclipse.jdt.internal.core.JavaProject::getAllPackageFragmentRoots (7 bytes)
Event: 571.926 Thread 0x0000020317456f90 nmethod 23881 0x000002031a736390 code [0x000002031a736540, 0x000002031a736718]
Event: 571.928 Thread 0x00000203174515b0 23882   !   4       jdk.nio.zipfs.ZipFileSystem::exists (35 bytes)
Event: 571.932 Thread 0x0000020317456f90 23884       3       java.util.HashMap::putIfAbsent (13 bytes)
Event: 571.932 Thread 0x0000020317456f90 nmethod 23884 0x000002031a8b0910 code [0x000002031a8b0ae0, 0x000002031a8b0de8]
Event: 571.945 Thread 0x00000203174515b0 nmethod 23882 0x000002032381cd90 code [0x000002032381d100, 0x000002032381e4a0]
Event: 571.945 Thread 0x00000203174515b0 23883       4       jdk.nio.zipfs.ZipFileSystemProvider::exists (20 bytes)
Event: 571.953 Thread 0x00000203174515b0 nmethod 23883 0x000002032259db10 code [0x000002032259dd00, 0x000002032259e188]
Event: 571.974 Thread 0x00000203174515b0 23885       4       org.eclipse.jdt.internal.compiler.util.Util::isExcluded (208 bytes)
Event: 571.976 Thread 0x00000203174515b0 nmethod 23885 0x00000203221d6210 code [0x00000203221d63c0, 0x00000203221d6608]
Event: 572.080 Thread 0x0000020317456f90 23886       3       org.eclipse.jdt.ls.core.internal.handlers.CodeActionHandler::containsKind (18 bytes)
Event: 572.081 Thread 0x0000020317456f90 nmethod 23886 0x000002031a88fa90 code [0x000002031a88fce0, 0x000002031a8905e8]
Event: 572.081 Thread 0x0000020317456f90 23887       3       org.eclipse.jdt.ls.core.internal.handlers.CodeActionHandler$$Lambda/0x000002032f7bbb58::<init> (10 bytes)
Event: 572.082 Thread 0x0000020317456f90 nmethod 23887 0x000002031a826410 code [0x000002031a8265c0, 0x000002031a826748]
Event: 633.710 Thread 0x0000020317456f90 23888       3       java.util.concurrent.ThreadPoolExecutor::isShutdown (12 bytes)
Event: 633.711 Thread 0x0000020317456f90 nmethod 23888 0x000002031a76e090 code [0x000002031a76e240, 0x000002031a76e420]
Event: 638.593 Thread 0x0000020317456f90 23889   !   3       com.sun.org.apache.xerces.internal.utils.XMLSecurityPropertyManager::getSystemProperty (68 bytes)

GC Heap History (20 events):
Event: 568.393 GC heap before
{Heap before GC invocations=3565 (full 6):
 PSYoungGen      total 7168K, used 6080K [0x00000000d5580000, 0x00000000d5f80000, 0x0000000100000000)
  eden space 3584K, 100% used [0x00000000d5580000,0x00000000d5900000,0x00000000d5900000)
  from space 3584K, 69% used [0x00000000d5c00000,0x00000000d5e70000,0x00000000d5f80000)
  to   space 3072K, 0% used [0x00000000d5900000,0x00000000d5900000,0x00000000d5c00000)
 ParOldGen       total 353280K, used 350708K [0x0000000080000000, 0x0000000095900000, 0x00000000d5580000)
  object space 353280K, 99% used [0x0000000080000000,0x000000009567d160,0x0000000095900000)
 Metaspace       used 83916K, committed 85824K, reserved 1179648K
  class space    used 8291K, committed 9152K, reserved 1048576K
}
Event: 568.396 GC heap after
{Heap after GC invocations=3565 (full 6):
 PSYoungGen      total 6656K, used 3072K [0x00000000d5580000, 0x00000000d6700000, 0x0000000100000000)
  eden space 3584K, 0% used [0x00000000d5580000,0x00000000d5580000,0x00000000d5900000)
  from space 3072K, 100% used [0x00000000d5900000,0x00000000d5c00000,0x00000000d5c00000)
  to   space 6656K, 0% used [0x00000000d6080000,0x00000000d6080000,0x00000000d6700000)
 ParOldGen       total 353792K, used 353508K [0x0000000080000000, 0x0000000095980000, 0x00000000d5580000)
  object space 353792K, 99% used [0x0000000080000000,0x0000000095939160,0x0000000095980000)
 Metaspace       used 83916K, committed 85824K, reserved 1179648K
  class space    used 8291K, committed 9152K, reserved 1048576K
}
Event: 568.404 GC heap before
{Heap before GC invocations=3566 (full 6):
 PSYoungGen      total 6656K, used 6578K [0x00000000d5580000, 0x00000000d6700000, 0x0000000100000000)
  eden space 3584K, 97% used [0x00000000d5580000,0x00000000d58eca18,0x00000000d5900000)
  from space 3072K, 100% used [0x00000000d5900000,0x00000000d5c00000,0x00000000d5c00000)
  to   space 6656K, 0% used [0x00000000d6080000,0x00000000d6080000,0x00000000d6700000)
 ParOldGen       total 353792K, used 353508K [0x0000000080000000, 0x0000000095980000, 0x00000000d5580000)
  object space 353792K, 99% used [0x0000000080000000,0x0000000095939160,0x0000000095980000)
 Metaspace       used 83916K, committed 85824K, reserved 1179648K
  class space    used 8291K, committed 9152K, reserved 1048576K
}
Event: 568.406 GC heap after
{Heap after GC invocations=3566 (full 6):
 PSYoungGen      total 8192K, used 3336K [0x00000000d5580000, 0x00000000d6400000, 0x0000000100000000)
  eden space 4608K, 0% used [0x00000000d5580000,0x00000000d5580000,0x00000000d5a00000)
  from space 3584K, 93% used [0x00000000d6080000,0x00000000d63c2000,0x00000000d6400000)
  to   space 4608K, 0% used [0x00000000d5b00000,0x00000000d5b00000,0x00000000d5f80000)
 ParOldGen       total 356864K, used 356636K [0x0000000080000000, 0x0000000095c80000, 0x00000000d5580000)
  object space 356864K, 99% used [0x0000000080000000,0x0000000095c47160,0x0000000095c80000)
 Metaspace       used 83916K, committed 85824K, reserved 1179648K
  class space    used 8291K, committed 9152K, reserved 1048576K
}
Event: 568.426 GC heap before
{Heap before GC invocations=3567 (full 6):
 PSYoungGen      total 8192K, used 7944K [0x00000000d5580000, 0x00000000d6400000, 0x0000000100000000)
  eden space 4608K, 100% used [0x00000000d5580000,0x00000000d5a00000,0x00000000d5a00000)
  from space 3584K, 93% used [0x00000000d6080000,0x00000000d63c2000,0x00000000d6400000)
  to   space 4608K, 0% used [0x00000000d5b00000,0x00000000d5b00000,0x00000000d5f80000)
 ParOldGen       total 356864K, used 356636K [0x0000000080000000, 0x0000000095c80000, 0x00000000d5580000)
  object space 356864K, 99% used [0x0000000080000000,0x0000000095c47160,0x0000000095c80000)
 Metaspace       used 83916K, committed 85824K, reserved 1179648K
  class space    used 8291K, committed 9152K, reserved 1048576K
}
Event: 568.430 GC heap after
{Heap after GC invocations=3567 (full 6):
 PSYoungGen      total 8704K, used 3040K [0x00000000d5580000, 0x00000000d6200000, 0x0000000100000000)
  eden space 5632K, 0% used [0x00000000d5580000,0x00000000d5580000,0x00000000d5b00000)
  from space 3072K, 98% used [0x00000000d5b00000,0x00000000d5df8000,0x00000000d5e00000)
  to   space 3584K, 0% used [0x00000000d5e80000,0x00000000d5e80000,0x00000000d6200000)
 ParOldGen       total 359936K, used 359700K [0x0000000080000000, 0x0000000095f80000, 0x00000000d5580000)
  object space 359936K, 99% used [0x0000000080000000,0x0000000095f45160,0x0000000095f80000)
 Metaspace       used 83916K, committed 85824K, reserved 1179648K
  class space    used 8291K, committed 9152K, reserved 1048576K
}
Event: 568.740 GC heap before
{Heap before GC invocations=3568 (full 6):
 PSYoungGen      total 8704K, used 8672K [0x00000000d5580000, 0x00000000d6200000, 0x0000000100000000)
  eden space 5632K, 100% used [0x00000000d5580000,0x00000000d5b00000,0x00000000d5b00000)
  from space 3072K, 98% used [0x00000000d5b00000,0x00000000d5df8000,0x00000000d5e00000)
  to   space 3584K, 0% used [0x00000000d5e80000,0x00000000d5e80000,0x00000000d6200000)
 ParOldGen       total 359936K, used 359700K [0x0000000080000000, 0x0000000095f80000, 0x00000000d5580000)
  object space 359936K, 99% used [0x0000000080000000,0x0000000095f45160,0x0000000095f80000)
 Metaspace       used 83930K, committed 85824K, reserved 1179648K
  class space    used 8293K, committed 9152K, reserved 1048576K
}
Event: 568.744 GC heap after
{Heap after GC invocations=3568 (full 6):
 PSYoungGen      total 6656K, used 800K [0x00000000d5580000, 0x00000000d5f80000, 0x0000000100000000)
  eden space 5632K, 0% used [0x00000000d5580000,0x00000000d5580000,0x00000000d5b00000)
  from space 1024K, 78% used [0x00000000d5e80000,0x00000000d5f48000,0x00000000d5f80000)
  to   space 2048K, 0% used [0x00000000d5b80000,0x00000000d5b80000,0x00000000d5d80000)
 ParOldGen       total 361984K, used 361956K [0x0000000080000000, 0x0000000096180000, 0x00000000d5580000)
  object space 361984K, 99% used [0x0000000080000000,0x0000000096179160,0x0000000096180000)
 Metaspace       used 83930K, committed 85824K, reserved 1179648K
  class space    used 8293K, committed 9152K, reserved 1048576K
}
Event: 568.985 GC heap before
{Heap before GC invocations=3569 (full 6):
 PSYoungGen      total 6656K, used 6431K [0x00000000d5580000, 0x00000000d5f80000, 0x0000000100000000)
  eden space 5632K, 99% used [0x00000000d5580000,0x00000000d5afffd8,0x00000000d5b00000)
  from space 1024K, 78% used [0x00000000d5e80000,0x00000000d5f48000,0x00000000d5f80000)
  to   space 2048K, 0% used [0x00000000d5b80000,0x00000000d5b80000,0x00000000d5d80000)
 ParOldGen       total 361984K, used 361956K [0x0000000080000000, 0x0000000096180000, 0x00000000d5580000)
  object space 361984K, 99% used [0x0000000080000000,0x0000000096179160,0x0000000096180000)
 Metaspace       used 83930K, committed 85824K, reserved 1179648K
  class space    used 8293K, committed 9152K, reserved 1048576K
}
Event: 568.987 GC heap after
{Heap after GC invocations=3569 (full 6):
 PSYoungGen      total 7680K, used 628K [0x00000000d5580000, 0x00000000d5f00000, 0x0000000100000000)
  eden space 5632K, 0% used [0x00000000d5580000,0x00000000d5580000,0x00000000d5b00000)
  from space 2048K, 30% used [0x00000000d5b80000,0x00000000d5c1d220,0x00000000d5d80000)
  to   space 1024K, 0% used [0x00000000d5e00000,0x00000000d5e00000,0x00000000d5f00000)
 ParOldGen       total 363008K, used 362569K [0x0000000080000000, 0x0000000096280000, 0x00000000d5580000)
  object space 363008K, 99% used [0x0000000080000000,0x0000000096212768,0x0000000096280000)
 Metaspace       used 83930K, committed 85824K, reserved 1179648K
  class space    used 8293K, committed 9152K, reserved 1048576K
}
Event: 568.999 GC heap before
{Heap before GC invocations=3570 (full 6):
 PSYoungGen      total 7680K, used 6260K [0x00000000d5580000, 0x00000000d5f00000, 0x0000000100000000)
  eden space 5632K, 100% used [0x00000000d5580000,0x00000000d5b00000,0x00000000d5b00000)
  from space 2048K, 30% used [0x00000000d5b80000,0x00000000d5c1d220,0x00000000d5d80000)
  to   space 1024K, 0% used [0x00000000d5e00000,0x00000000d5e00000,0x00000000d5f00000)
 ParOldGen       total 363008K, used 362569K [0x0000000080000000, 0x0000000096280000, 0x00000000d5580000)
  object space 363008K, 99% used [0x0000000080000000,0x0000000096212768,0x0000000096280000)
 Metaspace       used 83931K, committed 85824K, reserved 1179648K
  class space    used 8293K, committed 9152K, reserved 1048576K
}
Event: 569.000 GC heap after
{Heap after GC invocations=3570 (full 6):
 PSYoungGen      total 6144K, used 474K [0x00000000d5580000, 0x00000000d5e80000, 0x0000000100000000)
  eden space 5632K, 0% used [0x00000000d5580000,0x00000000d5580000,0x00000000d5b00000)
  from space 512K, 92% used [0x00000000d5e00000,0x00000000d5e76900,0x00000000d5e80000)
  to   space 1024K, 0% used [0x00000000d5c80000,0x00000000d5c80000,0x00000000d5d80000)
 ParOldGen       total 363008K, used 362698K [0x0000000080000000, 0x0000000096280000, 0x00000000d5580000)
  object space 363008K, 99% used [0x0000000080000000,0x0000000096232b90,0x0000000096280000)
 Metaspace       used 83931K, committed 85824K, reserved 1179648K
  class space    used 8293K, committed 9152K, reserved 1048576K
}
Event: 569.007 GC heap before
{Heap before GC invocations=3571 (full 6):
 PSYoungGen      total 6144K, used 6106K [0x00000000d5580000, 0x00000000d5e80000, 0x0000000100000000)
  eden space 5632K, 100% used [0x00000000d5580000,0x00000000d5b00000,0x00000000d5b00000)
  from space 512K, 92% used [0x00000000d5e00000,0x00000000d5e76900,0x00000000d5e80000)
  to   space 1024K, 0% used [0x00000000d5c80000,0x00000000d5c80000,0x00000000d5d80000)
 ParOldGen       total 363008K, used 362698K [0x0000000080000000, 0x0000000096280000, 0x00000000d5580000)
  object space 363008K, 99% used [0x0000000080000000,0x0000000096232b90,0x0000000096280000)
 Metaspace       used 83931K, committed 85824K, reserved 1179648K
  class space    used 8293K, committed 9152K, reserved 1048576K
}
Event: 569.008 GC heap after
{Heap after GC invocations=3571 (full 6):
 PSYoungGen      total 6656K, used 448K [0x00000000d5580000, 0x00000000d5e80000, 0x0000000100000000)
  eden space 5632K, 0% used [0x00000000d5580000,0x00000000d5580000,0x00000000d5b00000)
  from space 1024K, 43% used [0x00000000d5c80000,0x00000000d5cf0000,0x00000000d5d80000)
  to   space 512K, 0% used [0x00000000d5e00000,0x00000000d5e00000,0x00000000d5e80000)
 ParOldGen       total 363520K, used 363095K [0x0000000080000000, 0x0000000096300000, 0x00000000d5580000)
  object space 363520K, 99% used [0x0000000080000000,0x0000000096295da0,0x0000000096300000)
 Metaspace       used 83931K, committed 85824K, reserved 1179648K
  class space    used 8293K, committed 9152K, reserved 1048576K
}
Event: 571.929 GC heap before
{Heap before GC invocations=3572 (full 6):
 PSYoungGen      total 6656K, used 6080K [0x00000000d5580000, 0x00000000d5e80000, 0x0000000100000000)
  eden space 5632K, 100% used [0x00000000d5580000,0x00000000d5b00000,0x00000000d5b00000)
  from space 1024K, 43% used [0x00000000d5c80000,0x00000000d5cf0000,0x00000000d5d80000)
  to   space 512K, 0% used [0x00000000d5e00000,0x00000000d5e00000,0x00000000d5e80000)
 ParOldGen       total 363520K, used 363095K [0x0000000080000000, 0x0000000096300000, 0x00000000d5580000)
  object space 363520K, 99% used [0x0000000080000000,0x0000000096295da0,0x0000000096300000)
 Metaspace       used 83931K, committed 85824K, reserved 1179648K
  class space    used 8293K, committed 9152K, reserved 1048576K
}
Event: 571.931 GC heap after
{Heap after GC invocations=3572 (full 6):
 PSYoungGen      total 6144K, used 506K [0x00000000d5580000, 0x00000000d5e80000, 0x0000000100000000)
  eden space 5632K, 0% used [0x00000000d5580000,0x00000000d5580000,0x00000000d5b00000)
  from space 512K, 98% used [0x00000000d5e00000,0x00000000d5e7e918,0x00000000d5e80000)
  to   space 1536K, 0% used [0x00000000d5b80000,0x00000000d5b80000,0x00000000d5d00000)
 ParOldGen       total 364032K, used 363655K [0x0000000080000000, 0x0000000096380000, 0x00000000d5580000)
  object space 364032K, 99% used [0x0000000080000000,0x0000000096321da0,0x0000000096380000)
 Metaspace       used 83931K, committed 85824K, reserved 1179648K
  class space    used 8293K, committed 9152K, reserved 1048576K
}
Event: 571.946 GC heap before
{Heap before GC invocations=3573 (full 6):
 PSYoungGen      total 6144K, used 6100K [0x00000000d5580000, 0x00000000d5e80000, 0x0000000100000000)
  eden space 5632K, 99% used [0x00000000d5580000,0x00000000d5af6748,0x00000000d5b00000)
  from space 512K, 98% used [0x00000000d5e00000,0x00000000d5e7e918,0x00000000d5e80000)
  to   space 1536K, 0% used [0x00000000d5b80000,0x00000000d5b80000,0x00000000d5d00000)
 ParOldGen       total 364032K, used 363655K [0x0000000080000000, 0x0000000096380000, 0x00000000d5580000)
  object space 364032K, 99% used [0x0000000080000000,0x0000000096321da0,0x0000000096380000)
 Metaspace       used 83931K, committed 85824K, reserved 1179648K
  class space    used 8293K, committed 9152K, reserved 1048576K
}
Event: 571.948 GC heap after
{Heap after GC invocations=3573 (full 6):
 PSYoungGen      total 7168K, used 1527K [0x00000000d5580000, 0x00000000d6600000, 0x0000000100000000)
  eden space 5632K, 0% used [0x00000000d5580000,0x00000000d5580000,0x00000000d5b00000)
  from space 1536K, 99% used [0x00000000d5b80000,0x00000000d5cfdde0,0x00000000d5d00000)
  to   space 5632K, 0% used [0x00000000d6080000,0x00000000d6080000,0x00000000d6600000)
 ParOldGen       total 367104K, used 366994K [0x0000000080000000, 0x0000000096680000, 0x00000000d5580000)
  object space 367104K, 99% used [0x0000000080000000,0x0000000096664820,0x0000000096680000)
 Metaspace       used 83931K, committed 85824K, reserved 1179648K
  class space    used 8293K, committed 9152K, reserved 1048576K
}
Event: 571.965 GC heap before
{Heap before GC invocations=3574 (full 6):
 PSYoungGen      total 7168K, used 7159K [0x00000000d5580000, 0x00000000d6600000, 0x0000000100000000)
  eden space 5632K, 100% used [0x00000000d5580000,0x00000000d5b00000,0x00000000d5b00000)
  from space 1536K, 99% used [0x00000000d5b80000,0x00000000d5cfdde0,0x00000000d5d00000)
  to   space 5632K, 0% used [0x00000000d6080000,0x00000000d6080000,0x00000000d6600000)
 ParOldGen       total 367104K, used 366994K [0x0000000080000000, 0x0000000096680000, 0x00000000d5580000)
  object space 367104K, 99% used [0x0000000080000000,0x0000000096664820,0x0000000096680000)
 Metaspace       used 83931K, committed 85824K, reserved 1179648K
  class space    used 8293K, committed 9152K, reserved 1048576K
}
Event: 571.967 GC heap after
{Heap after GC invocations=3574 (full 6):
 PSYoungGen      total 10752K, used 4637K [0x00000000d5580000, 0x00000000d6580000, 0x0000000100000000)
  eden space 5632K, 0% used [0x00000000d5580000,0x00000000d5580000,0x00000000d5b00000)
  from space 5120K, 90% used [0x00000000d6080000,0x00000000d65077d8,0x00000000d6580000)
  to   space 5120K, 0% used [0x00000000d5b80000,0x00000000d5b80000,0x00000000d6080000)
 ParOldGen       total 369152K, used 368541K [0x0000000080000000, 0x0000000096880000, 0x00000000d5580000)
  object space 369152K, 99% used [0x0000000080000000,0x00000000967e77c0,0x0000000096880000)
 Metaspace       used 83931K, committed 85824K, reserved 1179648K
  class space    used 8293K, committed 9152K, reserved 1048576K
}

Dll operation events (10 events):
Event: 0.019 Loaded shared library c:\Users\Chamii\.vscode\extensions\redhat.java-1.44.0-win32-x64\jre\21.0.8-win32-x86_64\bin\java.dll
Event: 0.200 Loaded shared library c:\Users\Chamii\.vscode\extensions\redhat.java-1.44.0-win32-x64\jre\21.0.8-win32-x86_64\bin\zip.dll
Event: 0.265 Loaded shared library C:\Users\Chamii\.vscode\extensions\redhat.java-1.44.0-win32-x64\jre\21.0.8-win32-x86_64\bin\instrument.dll
Event: 0.276 Loaded shared library C:\Users\Chamii\.vscode\extensions\redhat.java-1.44.0-win32-x64\jre\21.0.8-win32-x86_64\bin\net.dll
Event: 0.280 Loaded shared library C:\Users\Chamii\.vscode\extensions\redhat.java-1.44.0-win32-x64\jre\21.0.8-win32-x86_64\bin\nio.dll
Event: 0.288 Loaded shared library C:\Users\Chamii\.vscode\extensions\redhat.java-1.44.0-win32-x64\jre\21.0.8-win32-x86_64\bin\zip.dll
Event: 0.326 Loaded shared library C:\Users\Chamii\.vscode\extensions\redhat.java-1.44.0-win32-x64\jre\21.0.8-win32-x86_64\bin\jimage.dll
Event: 0.568 Loaded shared library c:\Users\Chamii\.vscode\extensions\redhat.java-1.44.0-win32-x64\jre\21.0.8-win32-x86_64\bin\verify.dll
Event: 10.345 Loaded shared library C:\Users\Chamii\AppData\Roaming\Code\User\globalStorage\redhat.java\1.44.0\config_win\org.eclipse.equinox.launcher\org.eclipse.equinox.launcher.win32.win32.x86_64_1.2.1400.v20250730-1736\eclipse_11913.dll
Event: 35.600 Loaded shared library C:\Users\Chamii\AppData\Local\Temp\jna-2017197137\jna8606233874857576862.dll

Deoptimization events (20 events):
Event: 548.083 Thread 0x00000203785284f0 DEOPT PACKING pc=0x000002031c0a125c sp=0x000000a30a7fd760
Event: 548.083 Thread 0x00000203785284f0 DEOPT UNPACKING pc=0x0000020321c64242 sp=0x000000a30a7fcdb8 mode 0
Event: 548.142 Thread 0x00000203785284f0 Uncommon trap: trap_request=0xffffff45 fr.pc=0x0000020322d91e4c relative=0x0000000000000dec
Event: 548.142 Thread 0x00000203785284f0 Uncommon trap: reason=unstable_if action=reinterpret pc=0x0000020322d91e4c method=org.eclipse.jdt.internal.core.builder.ReferenceCollection.internSimpleNames([[CZZ)[[C @ 207 c2
Event: 548.142 Thread 0x00000203785284f0 DEOPT PACKING pc=0x0000020322d91e4c sp=0x000000a30a7fe500
Event: 548.142 Thread 0x00000203785284f0 DEOPT UNPACKING pc=0x0000020321c63aa2 sp=0x000000a30a7fe498 mode 2
Event: 548.146 Thread 0x00000203785284f0 DEOPT PACKING pc=0x000002031c0a125c sp=0x000000a30a7fdb50
Event: 548.146 Thread 0x00000203785284f0 DEOPT UNPACKING pc=0x0000020321c64242 sp=0x000000a30a7fd1a8 mode 0
Event: 548.184 Thread 0x00000203785284f0 DEOPT PACKING pc=0x000002031d3946e2 sp=0x000000a30a7fe210
Event: 548.184 Thread 0x00000203785284f0 DEOPT UNPACKING pc=0x0000020321c64242 sp=0x000000a30a7fd6c0 mode 0
Event: 567.877 Thread 0x0000020376576e30 Uncommon trap: trap_request=0xffffffc6 fr.pc=0x0000020322fea4a0 relative=0x0000000000000520
Event: 567.877 Thread 0x0000020376576e30 Uncommon trap: reason=bimorphic_or_optimized_type_check action=maybe_recompile pc=0x0000020322fea4a0 method=java.util.HashMap.removeNode(ILjava/lang/Object;Ljava/lang/Object;ZZ)Ljava/util/HashMap$Node; @ 143 c2
Event: 567.877 Thread 0x0000020376576e30 DEOPT PACKING pc=0x0000020322fea4a0 sp=0x000000a30b6fdf30
Event: 567.877 Thread 0x0000020376576e30 DEOPT UNPACKING pc=0x0000020321c63aa2 sp=0x000000a30b6fde38 mode 2
Event: 568.303 Thread 0x000002037852f480 Uncommon trap: trap_request=0xffffff45 fr.pc=0x0000020323643550 relative=0x0000000000000170
Event: 568.303 Thread 0x000002037852f480 Uncommon trap: reason=unstable_if action=reinterpret pc=0x0000020323643550 method=java.util.concurrent.locks.ReentrantReadWriteLock$Sync.tryReleaseShared(I)Z @ 129 c2
Event: 568.303 Thread 0x000002037852f480 DEOPT PACKING pc=0x0000020323643550 sp=0x000000a3081fe5b0
Event: 568.303 Thread 0x000002037852f480 DEOPT UNPACKING pc=0x0000020321c63aa2 sp=0x000000a3081fe528 mode 2
Event: 568.347 Thread 0x0000020378529210 DEOPT PACKING pc=0x000002031b538369 sp=0x000000a30a2fe6f0
Event: 568.347 Thread 0x0000020378529210 DEOPT UNPACKING pc=0x0000020321c64242 sp=0x000000a30a2fdbd8 mode 0

Classes loaded (20 events):
Event: 338.265 Loading class java/io/ObjectOutputStream$ReplaceTable
Event: 338.265 Loading class java/io/ObjectOutputStream$ReplaceTable done
Event: 338.515 Loading class jdk/internal/module/IllegalAccessLogger
Event: 338.515 Loading class jdk/internal/module/IllegalAccessLogger done
Event: 347.593 Loading class jdk/internal/module/IllegalAccessLogger
Event: 347.593 Loading class jdk/internal/module/IllegalAccessLogger done
Event: 349.352 Loading class jdk/internal/module/IllegalAccessLogger
Event: 349.352 Loading class jdk/internal/module/IllegalAccessLogger done
Event: 353.973 Loading class jdk/internal/module/IllegalAccessLogger
Event: 353.973 Loading class jdk/internal/module/IllegalAccessLogger done
Event: 370.964 Loading class jdk/internal/module/IllegalAccessLogger
Event: 370.964 Loading class jdk/internal/module/IllegalAccessLogger done
Event: 450.803 Loading class jdk/internal/module/IllegalAccessLogger
Event: 450.803 Loading class jdk/internal/module/IllegalAccessLogger done
Event: 452.362 Loading class jdk/internal/module/IllegalAccessLogger
Event: 452.362 Loading class jdk/internal/module/IllegalAccessLogger done
Event: 548.133 Loading class jdk/internal/module/IllegalAccessLogger
Event: 548.133 Loading class jdk/internal/module/IllegalAccessLogger done
Event: 568.331 Loading class jdk/internal/module/IllegalAccessLogger
Event: 568.331 Loading class jdk/internal/module/IllegalAccessLogger done

Classes unloaded (9 events):
Event: 37.057 Thread 0x000002031518ea20 Unloading class 0x000002032f1ac000 'java/lang/invoke/LambdaForm$MH+0x000002032f1ac000'
Event: 37.057 Thread 0x000002031518ea20 Unloading class 0x000002032f1abc00 'java/lang/invoke/LambdaForm$MH+0x000002032f1abc00'
Event: 37.057 Thread 0x000002031518ea20 Unloading class 0x000002032f1ab800 'java/lang/invoke/LambdaForm$MH+0x000002032f1ab800'
Event: 37.057 Thread 0x000002031518ea20 Unloading class 0x000002032f1ab400 'java/lang/invoke/LambdaForm$MH+0x000002032f1ab400'
Event: 37.057 Thread 0x000002031518ea20 Unloading class 0x000002032f1ab000 'java/lang/invoke/LambdaForm$BMH+0x000002032f1ab000'
Event: 37.057 Thread 0x000002031518ea20 Unloading class 0x000002032f1aac00 'java/lang/invoke/LambdaForm$DMH+0x000002032f1aac00'
Event: 37.057 Thread 0x000002031518ea20 Unloading class 0x000002032f1a9800 'java/lang/invoke/LambdaForm$DMH+0x000002032f1a9800'
Event: 133.283 Thread 0x000002031518ea20 Unloading class 0x000002032f714800 'java/lang/invoke/LambdaForm$DMH+0x000002032f714800'
Event: 133.283 Thread 0x000002031518ea20 Unloading class 0x000002032f714400 'java/lang/invoke/LambdaForm$DMH+0x000002032f714400'

Classes redefined (0 events):
No events

Internal exceptions (20 events):
Event: 354.114 Thread 0x0000020376578f00 Exception <a 'sun/nio/fs/WindowsException'{0x00000000d56c7010}> (0x00000000d56c7010) 
thrown [s\src\hotspot\share\prims\jni.cpp, line 520]
Event: 361.057 Thread 0x0000020377503b10 Exception <a 'java/lang/ClassNotFoundException'{0x00000000d56600c8}: sun/net/www/protocol/jdt/Handler> (0x00000000d56600c8) 
thrown [s\src\hotspot\share\classfile\systemDictionary.cpp, line 312]
Event: 369.667 Thread 0x0000020376576e30 Exception <a 'java/lang/IncompatibleClassChangeError'{0x00000000d55f26b8}: Found class java.lang.Object, but interface was expected> (0x00000000d55f26b8) 
thrown [s\src\hotspot\share\interpreter\linkResolver.cpp, line 840]
Event: 370.782 Thread 0x0000020376578f00 Exception <a 'sun/nio/fs/WindowsException'{0x00000000d5655960}> (0x00000000d5655960) 
thrown [s\src\hotspot\share\prims\jni.cpp, line 520]
Event: 371.083 Thread 0x0000020376578f00 Exception <a 'sun/nio/fs/WindowsException'{0x00000000d5580780}> (0x00000000d5580780) 
thrown [s\src\hotspot\share\prims\jni.cpp, line 520]
Event: 450.607 Thread 0x0000020376576e30 Implicit null exception at 0x0000020323723658 to 0x0000020323723fbc
Event: 450.631 Thread 0x0000020376578f00 Exception <a 'sun/nio/fs/WindowsException'{0x00000000d5b68ad0}> (0x00000000d5b68ad0) 
thrown [s\src\hotspot\share\prims\jni.cpp, line 520]
Event: 450.952 Thread 0x0000020376578f00 Exception <a 'sun/nio/fs/WindowsException'{0x00000000d55c7658}> (0x00000000d55c7658) 
thrown [s\src\hotspot\share\prims\jni.cpp, line 520]
Event: 451.365 Thread 0x0000020377502df0 Exception <a 'java/lang/NoSuchMethodError'{0x00000000d5b68040}: 'java.lang.Object java.lang.invoke.DirectMethodHandle$Holder.invokeStatic(java.lang.Object, int, java.lang.Object, java.lang.Object, java.lang.Object, java.lang.Object)'> (0x00000000d5b68040) 
thrown [s\src\hotspot\share\interpreter\linkResolver.cpp, line 773]
Event: 452.133 Thread 0x0000020376578f00 Exception <a 'sun/nio/fs/WindowsException'{0x00000000d5a8f318}> (0x00000000d5a8f318) 
thrown [s\src\hotspot\share\prims\jni.cpp, line 520]
Event: 452.399 Thread 0x0000020376578f00 Exception <a 'sun/nio/fs/WindowsException'{0x00000000d5580570}> (0x00000000d5580570) 
thrown [s\src\hotspot\share\prims\jni.cpp, line 520]
Event: 538.161 Thread 0x0000020376578f00 Exception <a 'sun/nio/fs/WindowsException'{0x00000000d5832848}> (0x00000000d5832848) 
thrown [s\src\hotspot\share\prims\jni.cpp, line 520]
Event: 538.162 Thread 0x0000020376576e30 Exception <a 'java/lang/IncompatibleClassChangeError'{0x00000000d5b42698}: Found class java.lang.Object, but interface was expected> (0x00000000d5b42698) 
thrown [s\src\hotspot\share\interpreter\linkResolver.cpp, line 840]
Event: 538.542 Thread 0x0000020376578f00 Exception <a 'sun/nio/fs/WindowsException'{0x00000000d587bcd0}> (0x00000000d587bcd0) 
thrown [s\src\hotspot\share\prims\jni.cpp, line 520]
Event: 539.761 Thread 0x0000020376578f00 Exception <a 'sun/nio/fs/WindowsException'{0x00000000d56f9748}> (0x00000000d56f9748) 
thrown [s\src\hotspot\share\prims\jni.cpp, line 520]
Event: 540.084 Thread 0x0000020376578f00 Exception <a 'sun/nio/fs/WindowsException'{0x00000000d59ab650}> (0x00000000d59ab650) 
thrown [s\src\hotspot\share\prims\jni.cpp, line 520]
Event: 541.411 Thread 0x0000020376578f00 Exception <a 'sun/nio/fs/WindowsException'{0x00000000d595f5d0}> (0x00000000d595f5d0) 
thrown [s\src\hotspot\share\prims\jni.cpp, line 520]
Event: 541.712 Thread 0x0000020376578f00 Exception <a 'sun/nio/fs/WindowsException'{0x00000000d5741998}> (0x00000000d5741998) 
thrown [s\src\hotspot\share\prims\jni.cpp, line 520]
Event: 567.923 Thread 0x0000020376578f00 Exception <a 'sun/nio/fs/WindowsException'{0x00000000d5805840}> (0x00000000d5805840) 
thrown [s\src\hotspot\share\prims\jni.cpp, line 520]
Event: 568.470 Thread 0x0000020376578f00 Exception <a 'sun/nio/fs/WindowsException'{0x00000000d5624d68}> (0x00000000d5624d68) 
thrown [s\src\hotspot\share\prims\jni.cpp, line 520]

ZGC Phase Switch (0 events):
No events

VM Operations (20 events):
Event: 568.426 Executing VM operation: ParallelGCFailedAllocation (Allocation Failure)
Event: 568.430 Executing VM operation: ParallelGCFailedAllocation (Allocation Failure) done
Event: 568.740 Executing VM operation: ParallelGCFailedAllocation (Allocation Failure)
Event: 568.744 Executing VM operation: ParallelGCFailedAllocation (Allocation Failure) done
Event: 568.985 Executing VM operation: ParallelGCFailedAllocation (Allocation Failure)
Event: 568.987 Executing VM operation: ParallelGCFailedAllocation (Allocation Failure) done
Event: 568.999 Executing VM operation: ParallelGCFailedAllocation (Allocation Failure)
Event: 569.000 Executing VM operation: ParallelGCFailedAllocation (Allocation Failure) done
Event: 569.007 Executing VM operation: ParallelGCFailedAllocation (Allocation Failure)
Event: 569.008 Executing VM operation: ParallelGCFailedAllocation (Allocation Failure) done
Event: 571.929 Executing VM operation: ParallelGCFailedAllocation (Allocation Failure)
Event: 571.931 Executing VM operation: ParallelGCFailedAllocation (Allocation Failure) done
Event: 571.946 Executing VM operation: ParallelGCFailedAllocation (Allocation Failure)
Event: 571.948 Executing VM operation: ParallelGCFailedAllocation (Allocation Failure) done
Event: 571.965 Executing VM operation: ParallelGCFailedAllocation (Allocation Failure)
Event: 571.967 Executing VM operation: ParallelGCFailedAllocation (Allocation Failure) done
Event: 601.240 Executing VM operation: HandshakeAllThreads (HandshakeForDeflation)
Event: 601.240 Executing VM operation: HandshakeAllThreads (HandshakeForDeflation) done
Event: 601.240 Executing VM operation: RendezvousGCThreads
Event: 601.240 Executing VM operation: RendezvousGCThreads done

Memory protections (0 events):
No events

Nmethod flushes (20 events):
Event: 568.188 Thread 0x000002031518ea20 flushing  nmethod 0x000002031d483390
Event: 568.188 Thread 0x000002031518ea20 flushing  nmethod 0x000002031d487d10
Event: 568.188 Thread 0x000002031518ea20 flushing  nmethod 0x000002031d497b90
Event: 568.188 Thread 0x000002031518ea20 flushing  nmethod 0x000002031d4d6d10
Event: 568.188 Thread 0x000002031518ea20 flushing osr nmethod 0x000002031d4e2c90
Event: 568.188 Thread 0x000002031518ea20 flushing  nmethod 0x000002031d5dbd10
Event: 568.188 Thread 0x000002031518ea20 flushing  nmethod 0x000002031d5de490
Event: 568.188 Thread 0x000002031518ea20 flushing  nmethod 0x000002031d5dea10
Event: 568.188 Thread 0x000002031518ea20 flushing  nmethod 0x000002031d65bd90
Event: 568.188 Thread 0x000002031518ea20 flushing  nmethod 0x000002031d65cc90
Event: 568.188 Thread 0x000002031518ea20 flushing  nmethod 0x000002031d65e690
Event: 568.188 Thread 0x000002031518ea20 flushing  nmethod 0x000002031d65ea10
Event: 568.188 Thread 0x000002031518ea20 flushing  nmethod 0x000002031d662010
Event: 568.188 Thread 0x000002031518ea20 flushing  nmethod 0x000002031d66a190
Event: 568.188 Thread 0x000002031518ea20 flushing  nmethod 0x000002031d66d810
Event: 568.188 Thread 0x000002031518ea20 flushing  nmethod 0x000002031d66db10
Event: 568.188 Thread 0x000002031518ea20 flushing  nmethod 0x000002031d688610
Event: 568.188 Thread 0x000002031518ea20 flushing osr nmethod 0x000002031d696210
Event: 568.188 Thread 0x000002031518ea20 flushing  nmethod 0x000002031d6cd090
Event: 568.188 Thread 0x000002031518ea20 flushing  nmethod 0x000002031d74a410

Events (20 events):
Event: 535.505 Thread 0x0000020370ae7260 Thread exited: 0x0000020370ae7260
Event: 535.861 Thread 0x0000020376576e30 Thread added: 0x000002037852edf0
Event: 536.309 Thread 0x0000020376576e30 Thread added: 0x000002037852f480
Event: 538.045 Thread 0x00000203785298a0 Thread added: 0x0000020378528b80
Event: 538.125 Thread 0x00000203785298a0 Thread added: 0x0000020378529210
Event: 538.128 Thread 0x0000020378529210 Thread added: 0x00000203785284f0
Event: 539.670 Thread 0x0000020378528b80 Thread added: 0x000002037852fb10
Event: 541.390 Thread 0x000002037852fb10 Thread added: 0x000002037852c000
Event: 548.133 Thread 0x00000203785284f0 Thread added: 0x0000020378529f30
Event: 548.185 Thread 0x0000020317456f90 Thread added: 0x000002037aa281e0
Event: 548.864 Thread 0x000002037aa281e0 Thread exited: 0x000002037aa281e0
Event: 568.341 Thread 0x0000020317456f90 Thread added: 0x00000203797d9fd0
Event: 568.488 Thread 0x00000203797d9fd0 Thread exited: 0x00000203797d9fd0
Event: 583.257 Thread 0x000002037852c690 Thread exited: 0x000002037852c690
Event: 628.343 Thread 0x0000020378529f30 Thread exited: 0x0000020378529f30
Event: 628.543 Thread 0x000002037852fb10 Thread exited: 0x000002037852fb10
Event: 628.543 Thread 0x00000203785298a0 Thread exited: 0x00000203785298a0
Event: 628.983 Thread 0x0000020370ae5820 Thread exited: 0x0000020370ae5820
Event: 628.984 Thread 0x000002037852c000 Thread exited: 0x000002037852c000
Event: 629.015 Thread 0x0000020378528b80 Thread exited: 0x0000020378528b80


Dynamic libraries:
0x00007ff78ece0000 - 0x00007ff78ecee000 	c:\Users\Chamii\.vscode\extensions\redhat.java-1.44.0-win32-x64\jre\21.0.8-win32-x86_64\bin\java.exe
0x00007ffc39270000 - 0x00007ffc39465000 	C:\WINDOWS\SYSTEM32\ntdll.dll
0x00007ffc37600000 - 0x00007ffc376bd000 	C:\WINDOWS\System32\KERNEL32.DLL
0x00007ffc36c20000 - 0x00007ffc36eed000 	C:\WINDOWS\System32\KERNELBASE.dll
0x00007ffc36ef0000 - 0x00007ffc36ff0000 	C:\WINDOWS\System32\ucrtbase.dll
0x00007ffbd0140000 - 0x00007ffbd0158000 	c:\Users\Chamii\.vscode\extensions\redhat.java-1.44.0-win32-x64\jre\21.0.8-win32-x86_64\bin\jli.dll
0x00007ffbc83e0000 - 0x00007ffbc83fe000 	c:\Users\Chamii\.vscode\extensions\redhat.java-1.44.0-win32-x64\jre\21.0.8-win32-x86_64\bin\VCRUNTIME140.dll
0x00007ffc38a80000 - 0x00007ffc38c20000 	C:\WINDOWS\System32\USER32.dll
0x00007ffc36a70000 - 0x00007ffc36a92000 	C:\WINDOWS\System32\win32u.dll
0x00007ffc39200000 - 0x00007ffc3922a000 	C:\WINDOWS\System32\GDI32.dll
0x00007ffc372a0000 - 0x00007ffc373ab000 	C:\WINDOWS\System32\gdi32full.dll
0x00007ffc35e20000 - 0x00007ffc360ba000 	C:\WINDOWS\WinSxS\amd64_microsoft.windows.common-controls_6595b64144ccf1df_6.0.19041.1110_none_60b5254171f9507e\COMCTL32.dll
0x00007ffc36b30000 - 0x00007ffc36bcd000 	C:\WINDOWS\System32\msvcp_win.dll
0x00007ffc37840000 - 0x00007ffc378de000 	C:\WINDOWS\System32\msvcrt.dll
0x00007ffc37520000 - 0x00007ffc37550000 	C:\WINDOWS\System32\IMM32.DLL
0x00007ffbd0e80000 - 0x00007ffbd0e8c000 	c:\Users\Chamii\.vscode\extensions\redhat.java-1.44.0-win32-x64\jre\21.0.8-win32-x86_64\bin\vcruntime140_1.dll
0x00007ffbc7450000 - 0x00007ffbc74dd000 	c:\Users\Chamii\.vscode\extensions\redhat.java-1.44.0-win32-x64\jre\21.0.8-win32-x86_64\bin\msvcp140.dll
0x00007ffbc66b0000 - 0x00007ffbc7447000 	c:\Users\Chamii\.vscode\extensions\redhat.java-1.44.0-win32-x64\jre\21.0.8-win32-x86_64\bin\server\jvm.dll
0x00007ffc37550000 - 0x00007ffc375fe000 	C:\WINDOWS\System32\ADVAPI32.dll
0x00007ffc39040000 - 0x00007ffc390dc000 	C:\WINDOWS\System32\sechost.dll
0x00007ffc38df0000 - 0x00007ffc38f15000 	C:\WINDOWS\System32\RPCRT4.dll
0x00007ffc390e0000 - 0x00007ffc3914b000 	C:\WINDOWS\System32\WS2_32.dll
0x00007ffc368e0000 - 0x00007ffc3692b000 	C:\WINDOWS\SYSTEM32\POWRPROF.dll
0x00007ffc2ba80000 - 0x00007ffc2baa7000 	C:\WINDOWS\SYSTEM32\WINMM.dll
0x00007ffc314f0000 - 0x00007ffc314fa000 	C:\WINDOWS\SYSTEM32\VERSION.dll
0x00007ffc368c0000 - 0x00007ffc368d2000 	C:\WINDOWS\SYSTEM32\UMPDC.dll
0x00007ffc34ce0000 - 0x00007ffc34cf2000 	C:\WINDOWS\SYSTEM32\kernel.appcore.dll
0x00007ffbd0000000 - 0x00007ffbd000a000 	c:\Users\Chamii\.vscode\extensions\redhat.java-1.44.0-win32-x64\jre\21.0.8-win32-x86_64\bin\jimage.dll
0x00007ffc36200000 - 0x00007ffc363e4000 	C:\WINDOWS\SYSTEM32\DBGHELP.DLL
0x00007ffc361d0000 - 0x00007ffc361fc000 	C:\WINDOWS\SYSTEM32\dbgcore.DLL
0x00007ffc36aa0000 - 0x00007ffc36b22000 	C:\WINDOWS\System32\bcryptPrimitives.dll
0x00007ffbc63d0000 - 0x00007ffbc63df000 	c:\Users\Chamii\.vscode\extensions\redhat.java-1.44.0-win32-x64\jre\21.0.8-win32-x86_64\bin\instrument.dll
0x00007ffbc63b0000 - 0x00007ffbc63cf000 	c:\Users\Chamii\.vscode\extensions\redhat.java-1.44.0-win32-x64\jre\21.0.8-win32-x86_64\bin\java.dll
0x00007ffc37d00000 - 0x00007ffc38444000 	C:\WINDOWS\System32\SHELL32.dll
0x00007ffc34420000 - 0x00007ffc34bb4000 	C:\WINDOWS\SYSTEM32\windows.storage.dll
0x00007ffc378e0000 - 0x00007ffc37c34000 	C:\WINDOWS\System32\combase.dll
0x00007ffc35d80000 - 0x00007ffc35dac000 	C:\WINDOWS\SYSTEM32\Wldp.dll
0x00007ffc37790000 - 0x00007ffc3783d000 	C:\WINDOWS\System32\SHCORE.dll
0x00007ffc373b0000 - 0x00007ffc37405000 	C:\WINDOWS\System32\shlwapi.dll
0x00007ffc369b0000 - 0x00007ffc369cf000 	C:\WINDOWS\SYSTEM32\profapi.dll
0x00007ffbc61e0000 - 0x00007ffbc61f8000 	c:\Users\Chamii\.vscode\extensions\redhat.java-1.44.0-win32-x64\jre\21.0.8-win32-x86_64\bin\zip.dll
0x00007ffbc61d0000 - 0x00007ffbc61e0000 	C:\Users\Chamii\.vscode\extensions\redhat.java-1.44.0-win32-x64\jre\21.0.8-win32-x86_64\bin\net.dll
0x00007ffc305a0000 - 0x00007ffc306aa000 	C:\WINDOWS\SYSTEM32\WINHTTP.dll
0x00007ffc35c50000 - 0x00007ffc35cba000 	C:\WINDOWS\system32\mswsock.dll
0x00007ffbc61b0000 - 0x00007ffbc61c6000 	C:\Users\Chamii\.vscode\extensions\redhat.java-1.44.0-win32-x64\jre\21.0.8-win32-x86_64\bin\nio.dll
0x00007ffbc61a0000 - 0x00007ffbc61b0000 	c:\Users\Chamii\.vscode\extensions\redhat.java-1.44.0-win32-x64\jre\21.0.8-win32-x86_64\bin\verify.dll
0x00007ffc0b480000 - 0x00007ffc0b4c5000 	C:\Users\Chamii\AppData\Roaming\Code\User\globalStorage\redhat.java\1.44.0\config_win\org.eclipse.equinox.launcher\org.eclipse.equinox.launcher.win32.win32.x86_64_1.2.1400.v20250730-1736\eclipse_11913.dll
0x00007ffc388d0000 - 0x00007ffc389fa000 	C:\WINDOWS\System32\ole32.dll
0x00007ffc36730000 - 0x00007ffc36748000 	C:\WINDOWS\SYSTEM32\CRYPTSP.dll
0x00007ffc35480000 - 0x00007ffc354b4000 	C:\WINDOWS\system32\rsaenh.dll
0x00007ffc37110000 - 0x00007ffc37137000 	C:\WINDOWS\System32\bcrypt.dll
0x00007ffc36970000 - 0x00007ffc3699e000 	C:\WINDOWS\SYSTEM32\USERENV.dll
0x00007ffc35d40000 - 0x00007ffc35d4c000 	C:\WINDOWS\SYSTEM32\CRYPTBASE.dll
0x00007ffc357d0000 - 0x00007ffc3580b000 	C:\WINDOWS\SYSTEM32\IPHLPAPI.DLL
0x00007ffc38de0000 - 0x00007ffc38de8000 	C:\WINDOWS\System32\NSI.dll
0x00007ffc0a640000 - 0x00007ffc0a689000 	C:\Users\Chamii\AppData\Local\Temp\jna-2017197137\jna8606233874857576862.dll
0x00007ffc38c20000 - 0x00007ffc38c28000 	C:\WINDOWS\System32\PSAPI.DLL
0x00007ffc2eef0000 - 0x00007ffc2ef07000 	C:\WINDOWS\SYSTEM32\dhcpcsvc6.DLL
0x00007ffc2fb30000 - 0x00007ffc2fb4d000 	C:\WINDOWS\SYSTEM32\dhcpcsvc.DLL
0x00007ffc366f0000 - 0x00007ffc36723000 	C:\WINDOWS\SYSTEM32\ntmarta.dll

JVMTI agents:
c:\Users\Chamii\.vscode\extensions\redhat.java-1.44.0-win32-x64\lombok\lombok-1.18.39-4050.jar path:c:\Users\Chamii\.vscode\extensions\redhat.java-1.44.0-win32-x64\jre\21.0.8-win32-x86_64\bin\instrument.dll, loaded, initialized, instrumentlib options:none

dbghelp: loaded successfully - version: 4.0.5 - missing functions: none
symbol engine: initialized successfully - sym options: 0x614 - pdb path: .;c:\Users\Chamii\.vscode\extensions\redhat.java-1.44.0-win32-x64\jre\21.0.8-win32-x86_64\bin;C:\WINDOWS\SYSTEM32;C:\WINDOWS\WinSxS\amd64_microsoft.windows.common-controls_6595b64144ccf1df_6.0.19041.1110_none_60b5254171f9507e;c:\Users\Chamii\.vscode\extensions\redhat.java-1.44.0-win32-x64\jre\21.0.8-win32-x86_64\bin\server;C:\Users\Chamii\AppData\Roaming\Code\User\globalStorage\redhat.java\1.44.0\config_win\org.eclipse.equinox.launcher\org.eclipse.equinox.launcher.win32.win32.x86_64_1.2.1400.v20250730-1736;C:\Users\Chamii\AppData\Local\Temp\jna-2017197137

VM Arguments:
jvm_args: --add-modules=ALL-SYSTEM --add-opens=java.base/java.util=ALL-UNNAMED --add-opens=java.base/java.lang=ALL-UNNAMED --add-opens=java.base/sun.nio.fs=ALL-UNNAMED -Declipse.application=org.eclipse.jdt.ls.core.id1 -Dosgi.bundles.defaultStartLevel=4 -Declipse.product=org.eclipse.jdt.ls.core.product -Djava.import.generatesMetadataFilesAtProjectRoot=false -DDetectVMInstallationsJob.disabled=true -Dfile.encoding=utf8 -XX:+UseParallelGC -XX:GCTimeRatio=4 -XX:AdaptiveSizePolicyWeight=90 -Dsun.zip.disableMemoryMapping=true -Xmx2G -Xms100m -Xlog:disable -javaagent:c:\Users\Chamii\.vscode\extensions\redhat.java-1.44.0-win32-x64\lombok\lombok-1.18.39-4050.jar -XX:+HeapDumpOnOutOfMemoryError -XX:HeapDumpPath=c:\Users\Chamii\AppData\Roaming\Code\User\workspaceStorage\e7d1a28d9fdafae999733c8c9011fd22\redhat.java -Daether.dependencyCollector.impl=bf 
java_command: c:\Users\Chamii\.vscode\extensions\redhat.java-1.44.0-win32-x64\server\plugins\org.eclipse.equinox.launcher_1.7.0.v20250519-0528.jar -configuration c:\Users\Chamii\AppData\Roaming\Code\User\globalStorage\redhat.java\1.44.0\config_win -data c:\Users\Chamii\AppData\Roaming\Code\User\workspaceStorage\e7d1a28d9fdafae999733c8c9011fd22\redhat.java\jdt_ws --pipe=\\.\pipe\lsp-e7b59a4e75dcd3aba2031386ff3a030e-sock
java_class_path (initial): c:\Users\Chamii\.vscode\extensions\redhat.java-1.44.0-win32-x64\server\plugins\org.eclipse.equinox.launcher_1.7.0.v20250519-0528.jar
Launcher Type: SUN_STANDARD

[Global flags]
    uintx AdaptiveSizePolicyWeight                 = 90                                        {product} {command line}
     intx CICompilerCount                          = 4                                         {product} {ergonomic}
    uintx GCTimeRatio                              = 4                                         {product} {command line}
     bool HeapDumpOnOutOfMemoryError               = true                                   {manageable} {command line}
    ccstr HeapDumpPath                             = c:\Users\Chamii\AppData\Roaming\Code\User\workspaceStorage\e7d1a28d9fdafae999733c8c9011fd22\redhat.java         {manageable} {command line}
   size_t InitialHeapSize                          = 104857600                                 {product} {command line}
   size_t MaxHeapSize                              = 2147483648                                {product} {command line}
   size_t MaxNewSize                               = 715653120                                 {product} {ergonomic}
   size_t MinHeapDeltaBytes                        = 524288                                    {product} {ergonomic}
   size_t MinHeapSize                              = 104857600                                 {product} {command line}
   size_t NewSize                                  = 34603008                                  {product} {ergonomic}
    uintx NonNMethodCodeHeapSize                   = 5839372                                {pd product} {ergonomic}
    uintx NonProfiledCodeHeapSize                  = 122909434                              {pd product} {ergonomic}
   size_t OldSize                                  = 70254592                                  {product} {ergonomic}
     bool PerfDisableSharedMem                     = true                                      {product} {ergonomic}
    uintx ProfiledCodeHeapSize                     = 122909434                              {pd product} {ergonomic}
    uintx ReservedCodeCacheSize                    = 251658240                              {pd product} {ergonomic}
     bool SegmentedCodeCache                       = true                                      {product} {ergonomic}
   size_t SoftMaxHeapSize                          = 2147483648                             {manageable} {ergonomic}
     bool UseCompressedOops                        = true                           {product lp64_product} {ergonomic}
     bool UseLargePagesIndividualAllocation        = false                                  {pd product} {ergonomic}
     bool UseParallelGC                            = true                                      {product} {command line}

Logging:
Log output configuration:
 #0: stdout all=off uptime,level,tags foldmultilines=false
 #1: stderr all=off uptime,level,tags foldmultilines=false

Environment Variables:
JAVA_HOME=C:\Program Files\Amazon Corretto\jdk21.0.7_6
PATH=C:\Program Files\Eclipse Adoptium\jdk-21.0.7.6-hotspot\bin;C:\Program Files\Amazon Corretto\jdk21.0.7_6\bin;C:\Python313\Scripts\;C:\Python313\;C:\Program Files (x86)\Common Files\Oracle\Java\java8path;C:\Program Files (x86)\Common Files\Oracle\Java\javapath;C:\WINDOWS\system32;C:\WINDOWS;C:\WINDOWS\System32\Wbem;C:\WINDOWS\System32\WindowsPowerShell\v1.0\;C:\WINDOWS\System32\OpenSSH\;C:\Program Files\nodejs\;C:\ProgramData\chocolatey\bin;C:\Program Files\Git\cmd;C:\Users\Chamii\AppData\Local\Microsoft\WindowsApps;C:\Users\Chamii\AppData\Roaming\npm;C:\Program Files\apache-maven-3.9.9\bin;C:\Users\Chamii\AppData\Local\Programs\Microsoft VS Code\bin
USERNAME=Chamii
OS=Windows_NT
PROCESSOR_IDENTIFIER=Intel64 Family 6 Model 142 Stepping 10, GenuineIntel
TMP=C:\Users\Chamii\AppData\Local\Temp
TEMP=C:\Users\Chamii\AppData\Local\Temp




Periodic native trim disabled

---------------  S Y S T E M  ---------------

OS:
 Windows 10 , 64 bit Build 19041 (10.0.19041.1706)
OS uptime: 0 days 0:13 hours

CPU: total 8 (initial active 8) (4 cores per cpu, 2 threads per core) family 6 model 142 stepping 10 microcode 0xb4, cx8, cmov, fxsr, ht, mmx, 3dnowpref, sse, sse2, sse3, ssse3, sse4.1, sse4.2, popcnt, lzcnt, tsc, tscinvbit, avx, avx2, aes, erms, clmul, bmi1, bmi2, adx, fma, vzeroupper, clflush, clflushopt, rdtscp, f16c
Processor Information for the first 8 processors :
  Max Mhz: 1800, Current Mhz: 1600, Mhz Limit: 1584

Memory: 4k page, system-wide physical 16249M (6769M free)
TotalPageFile size 18681M (AvailPageFile size 7834M)
current process WorkingSet (physical memory assigned to process): 837M, peak: 1558M
current process commit charge ("private bytes"): 746M, peak: 1543M

vm_info: OpenJDK 64-Bit Server VM (21.0.8+9-LTS) for windows-amd64 JRE (21.0.8+9-LTS), built on 2025-07-15T00:00:00Z by "admin" with MS VC++ 17.7 (VS2022)

END.
